2018-06-22 00:48:19.380  INFO 2444 --- [restartedMain] rs.ftn.xws.booking.BookingApplication    : Starting BookingApplication on Boki-laptop with PID 2444 (started by Boris Hadzic in C:\Users\Boris Hadzic\git\XWS-Project\booking)
2018-06-22 00:48:19.384  INFO 2444 --- [restartedMain] rs.ftn.xws.booking.BookingApplication    : The following profiles are active: dev
2018-06-22 00:48:19.458  INFO 2444 --- [restartedMain] ConfigServletWebServerApplicationContext : Refreshing org.springframework.boot.web.servlet.context.AnnotationConfigServletWebServerApplicationContext@33bf3591: startup date [Fri Jun 22 00:48:19 CEST 2018]; root of context hierarchy
2018-06-22 00:48:21.873  INFO 2444 --- [restartedMain] trationDelegate$BeanPostProcessorChecker : Bean 'org.springframework.transaction.annotation.ProxyTransactionManagementConfiguration' of type [org.springframework.transaction.annotation.ProxyTransactionManagementConfiguration$$EnhancerBySpringCGLIB$$38c4d708] is not eligible for getting processed by all BeanPostProcessors (for example: not eligible for auto-proxying)
2018-06-22 00:48:21.949  INFO 2444 --- [restartedMain] trationDelegate$BeanPostProcessorChecker : Bean 'org.springframework.security.config.annotation.method.configuration.Jsr250MetadataSourceConfiguration' of type [org.springframework.security.config.annotation.method.configuration.Jsr250MetadataSourceConfiguration$$EnhancerBySpringCGLIB$$1b9c5a0a] is not eligible for getting processed by all BeanPostProcessors (for example: not eligible for auto-proxying)
2018-06-22 00:48:21.960  INFO 2444 --- [restartedMain] trationDelegate$BeanPostProcessorChecker : Bean 'jsr250MethodSecurityMetadataSource' of type [org.springframework.security.access.annotation.Jsr250MethodSecurityMetadataSource] is not eligible for getting processed by all BeanPostProcessors (for example: not eligible for auto-proxying)
2018-06-22 00:48:21.966  INFO 2444 --- [restartedMain] trationDelegate$BeanPostProcessorChecker : Bean 'org.springframework.security.config.annotation.configuration.ObjectPostProcessorConfiguration' of type [org.springframework.security.config.annotation.configuration.ObjectPostProcessorConfiguration$$EnhancerBySpringCGLIB$$d1729f42] is not eligible for getting processed by all BeanPostProcessors (for example: not eligible for auto-proxying)
2018-06-22 00:48:21.973  INFO 2444 --- [restartedMain] trationDelegate$BeanPostProcessorChecker : Bean 'objectPostProcessor' of type [org.springframework.security.config.annotation.configuration.AutowireBeanFactoryObjectPostProcessor] is not eligible for getting processed by all BeanPostProcessors (for example: not eligible for auto-proxying)
2018-06-22 00:48:21.975  INFO 2444 --- [restartedMain] trationDelegate$BeanPostProcessorChecker : Bean 'org.springframework.security.access.expression.method.DefaultMethodSecurityExpressionHandler@4fdf1bf6' of type [org.springframework.security.access.expression.method.DefaultMethodSecurityExpressionHandler] is not eligible for getting processed by all BeanPostProcessors (for example: not eligible for auto-proxying)
2018-06-22 00:48:21.985  INFO 2444 --- [restartedMain] trationDelegate$BeanPostProcessorChecker : Bean 'org.springframework.security.config.annotation.method.configuration.GlobalMethodSecurityConfiguration' of type [org.springframework.security.config.annotation.method.configuration.GlobalMethodSecurityConfiguration$$EnhancerBySpringCGLIB$$f64741f4] is not eligible for getting processed by all BeanPostProcessors (for example: not eligible for auto-proxying)
2018-06-22 00:48:22.008  INFO 2444 --- [restartedMain] trationDelegate$BeanPostProcessorChecker : Bean 'methodSecurityMetadataSource' of type [org.springframework.security.access.method.DelegatingMethodSecurityMetadataSource] is not eligible for getting processed by all BeanPostProcessors (for example: not eligible for auto-proxying)
2018-06-22 00:48:22.712  INFO 2444 --- [restartedMain] o.s.b.w.embedded.tomcat.TomcatWebServer  : Tomcat initialized with port(s): 8443 (https) 8080 (http)
2018-06-22 00:48:22.774  INFO 2444 --- [restartedMain] o.apache.catalina.core.StandardService   : Starting service [Tomcat]
2018-06-22 00:48:22.774  INFO 2444 --- [restartedMain] org.apache.catalina.core.StandardEngine  : Starting Servlet Engine: Apache Tomcat/8.5.31
2018-06-22 00:48:22.779  INFO 2444 --- [localhost-startStop-1] o.a.catalina.core.AprLifecycleListener   : The APR based Apache Tomcat Native library which allows optimal performance in production environments was not found on the java.library.path: [C:\Program Files\Java\jdk1.8.0_172\bin;C:\WINDOWS\Sun\Java\bin;C:\WINDOWS\system32;C:\WINDOWS;C:/Program Files/Java/jre1.8.0_172/bin/server;C:/Program Files/Java/jre1.8.0_172/bin;C:/Program Files/Java/jre1.8.0_172/lib/amd64;C:\Program Files (x86)\Common Files\Oracle\Java\javapath;C:\Program Files (x86)\Intel\iCLS Client\;C:\Program Files\Intel\iCLS Client\;C:\ProgramData\Oracle\Java\javapath;C:\Windows\system32;C:\Windows;C:\Windows\System32\Wbem;C:\Windows\System32\WindowsPowerShell\v1.0\;C:\Program Files (x86)\Intel\Intel(R) Management Engine Components\DAL;C:\Program Files\Intel\Intel(R) Management Engine Components\DAL;C:\Program Files (x86)\Intel\Intel(R) Management Engine Components\IPT;C:\Program Files\Intel\Intel(R) Management Engine Components\IPT;C:\Program Files\Microsoft SQL Server\130\Tools\Binn\;C:\Program Files (x86)\Skype\Phone\;C:\WINDOWS\system32;C:\WINDOWS;C:\WINDOWS\System32\Wbem;C:\WINDOWS\System32\WindowsPowerShell\v1.0\;C:\Program Files\dotnet\;C:\Program Files (x86)\GtkSharp\2.12\bin;C:\Program Files (x86)\NVIDIA Corporation\PhysX\Common;C:\Program Files (x86)\Microsoft SQL Server\Client SDK\ODBC\130\Tools\Binn\;C:\Program Files (x86)\Microsoft SQL Server\140\Tools\Binn\;C:\Program Files (x86)\Microsoft SQL Server\140\DTS\Binn\;C:\Program Files (x86)\Microsoft SQL Server\140\Tools\Binn\ManagementStudio\;C:\Program Files\apache-maven-3.5.2\bin;C:\Users\Boris Hadzic\adb-fastboot\platform-tools;C:\Program Files\MySQL\MySQL Utilities 1.6\;C:\WINDOWS\system32;C:\WINDOWS;C:\WINDOWS\System32\Wbem;C:\WINDOWS\System32\WindowsPowerShell\v1.0\;C:\WINDOWS\System32\OpenSSH\;C:\Program Files\Git\cmd;C:\Program Files\nodejs\;C:\Users\Boris Hadzic\AppData\Local\Microsoft\WindowsApps;C:\Users\Boris Hadzic\AppData\Local\atom\bin;C:\Users\Boris Hadzic\AppData\Local\Microsoft\WindowsApps;C:\Program Files\Microsoft VS Code\bin;C:\Program Files\MongoDB\Server\3.6\bin;C:\Program Files\Java\jdk1.8.0_172\bin;C:\Program Files\heroku\bin;C:\Users\Boris Hadzic\AppData\Roaming\npm;C:\Program Files\Spring Tool Suite\sts-3.9.3.RELEASE;;.]
2018-06-22 00:48:22.946  INFO 2444 --- [localhost-startStop-1] o.a.c.c.C.[Tomcat].[localhost].[/]       : Initializing Spring embedded WebApplicationContext
2018-06-22 00:48:22.946  INFO 2444 --- [localhost-startStop-1] o.s.web.context.ContextLoader            : Root WebApplicationContext: initialization completed in 3488 ms
2018-06-22 00:48:24.477  INFO 2444 --- [localhost-startStop-1] com.zaxxer.hikari.HikariDataSource       : HikariPool-1 - Starting...
2018-06-22 00:48:24.894  INFO 2444 --- [localhost-startStop-1] com.zaxxer.hikari.HikariDataSource       : HikariPool-1 - Start completed.
2018-06-22 00:48:24.970  INFO 2444 --- [localhost-startStop-1] j.LocalContainerEntityManagerFactoryBean : Building JPA container EntityManagerFactory for persistence unit 'default'
2018-06-22 00:48:29.941  INFO 2444 --- [localhost-startStop-1] j.LocalContainerEntityManagerFactoryBean : Initialized JPA EntityManagerFactory for persistence unit 'default'
2018-06-22 00:48:31.088  INFO 2444 --- [localhost-startStop-1] o.s.b.w.servlet.FilterRegistrationBean   : Mapping filter: 'characterEncodingFilter' to: [/*]
2018-06-22 00:48:31.095  INFO 2444 --- [localhost-startStop-1] o.s.b.w.servlet.FilterRegistrationBean   : Mapping filter: 'hiddenHttpMethodFilter' to: [/*]
2018-06-22 00:48:31.100  INFO 2444 --- [localhost-startStop-1] o.s.b.w.servlet.FilterRegistrationBean   : Mapping filter: 'httpPutFormContentFilter' to: [/*]
2018-06-22 00:48:31.100  INFO 2444 --- [localhost-startStop-1] o.s.b.w.servlet.FilterRegistrationBean   : Mapping filter: 'requestContextFilter' to: [/*]
2018-06-22 00:48:31.107  INFO 2444 --- [localhost-startStop-1] .s.DelegatingFilterProxyRegistrationBean : Mapping filter: 'springSecurityFilterChain' to: [/*]
2018-06-22 00:48:31.109  INFO 2444 --- [localhost-startStop-1] o.s.b.w.servlet.FilterRegistrationBean   : Mapping filter: 'jwtAuthenticationFilter' to: [/*]
2018-06-22 00:48:31.109  INFO 2444 --- [localhost-startStop-1] o.s.b.w.servlet.ServletRegistrationBean  : Servlet dispatcherServlet mapped to [/]
2018-06-22 00:48:31.112  INFO 2444 --- [localhost-startStop-1] o.s.b.w.servlet.ServletRegistrationBean  : Servlet CXFServlet mapped to [/services/*]
2018-06-22 00:48:31.158  INFO 2444 --- [restartedMain] o.s.jdbc.datasource.init.ScriptUtils     : Executing SQL script from URL [file:/C:/Users/Boris%20Hadzic/git/XWS-Project/booking/target/classes/data.sql]
2018-06-22 00:48:32.505  INFO 2444 --- [restartedMain] o.s.jdbc.datasource.init.ScriptUtils     : Executed SQL script from URL [file:/C:/Users/Boris%20Hadzic/git/XWS-Project/booking/target/classes/data.sql] in 1347 ms.
2018-06-22 00:48:35.070  INFO 2444 --- [restartedMain] o.a.c.w.s.f.ReflectionServiceFactoryBean : Creating Service {http://booking.xws.ftn.rs/test}TestService from class rs.ftn.xws.booking.webservice.TestService
2018-06-22 00:48:35.851  INFO 2444 --- [restartedMain] org.apache.cxf.endpoint.ServerImpl       : Setting the server's publish address to be /TestService
2018-06-22 00:48:35.876  INFO 2444 --- [restartedMain] o.a.c.w.s.f.ReflectionServiceFactoryBean : Creating Service {http://booking.xws.ftn.rs/accomodationWebService}AccomodationWebService from class rs.ftn.xws.booking.webservice.AccomodationWebService
2018-06-22 00:48:35.976  INFO 2444 --- [restartedMain] org.apache.cxf.endpoint.ServerImpl       : Setting the server's publish address to be /AccomodationWebService
2018-06-22 00:48:36.423  INFO 2444 --- [restartedMain] o.s.w.s.handler.SimpleUrlHandlerMapping  : Mapped URL path [/**/favicon.ico] onto handler of type [class org.springframework.web.servlet.resource.ResourceHttpRequestHandler]
2018-06-22 00:48:36.508  INFO 2444 --- [restartedMain] s.w.s.m.m.a.RequestMappingHandlerMapping : Mapped "{[/api/accomodations],methods=[GET]}" onto public java.util.List<rs.ftn.xws.booking.dto.TermDto> rs.ftn.xws.booking.controller.AccomodationController.get()
2018-06-22 00:48:36.516  INFO 2444 --- [restartedMain] s.w.s.m.m.a.RequestMappingHandlerMapping : Mapped "{[/api/accomodations/search],methods=[GET]}" onto public java.util.List<rs.ftn.xws.booking.dto.TermDto> rs.ftn.xws.booking.controller.AccomodationController.get(java.lang.String,java.lang.String,int,java.util.Date,java.util.Date,java.util.List<java.lang.Long>,java.util.List<java.lang.Long>,java.util.List<java.lang.Long>,rs.ftn.xws.booking.dto.Sort,rs.ftn.xws.booking.dto.Order)
2018-06-22 00:48:36.518  INFO 2444 --- [restartedMain] s.w.s.m.m.a.RequestMappingHandlerMapping : Mapped "{[/api/account/confirm-email],methods=[GET]}" onto public void rs.ftn.xws.booking.controller.AccountController.confirmEmail(java.lang.String,javax.servlet.http.HttpServletResponse) throws java.io.IOException
2018-06-22 00:48:36.518  INFO 2444 --- [restartedMain] s.w.s.m.m.a.RequestMappingHandlerMapping : Mapped "{[/api/account/forgot-password],methods=[POST]}" onto public org.springframework.http.ResponseEntity<rs.ftn.xws.booking.dto.ApiResponse> rs.ftn.xws.booking.controller.AccountController.forgotPassword(java.lang.String)
2018-06-22 00:48:36.519  INFO 2444 --- [restartedMain] s.w.s.m.m.a.RequestMappingHandlerMapping : Mapped "{[/api/account/signin],methods=[POST]}" onto public org.springframework.http.ResponseEntity<?> rs.ftn.xws.booking.controller.AccountController.authenticateUser(rs.ftn.xws.booking.dto.LoginRequest)
2018-06-22 00:48:36.584  INFO 2444 --- [restartedMain] s.w.s.m.m.a.RequestMappingHandlerMapping : Mapped "{[/api/account/password-reset],methods=[POST]}" onto public org.springframework.http.ResponseEntity<rs.ftn.xws.booking.dto.ApiResponse> rs.ftn.xws.booking.controller.AccountController.resetPassword(rs.ftn.xws.booking.dto.PasswordResetRequest)
2018-06-22 00:48:36.585  INFO 2444 --- [restartedMain] s.w.s.m.m.a.RequestMappingHandlerMapping : Mapped "{[/api/account/password-change],methods=[POST]}" onto public org.springframework.http.ResponseEntity<rs.ftn.xws.booking.dto.ApiResponse> rs.ftn.xws.booking.controller.AccountController.changePassword(rs.ftn.xws.booking.dto.PasswordChangeRequest)
2018-06-22 00:48:36.585  INFO 2444 --- [restartedMain] s.w.s.m.m.a.RequestMappingHandlerMapping : Mapped "{[/api/account/register],methods=[POST]}" onto public org.springframework.http.ResponseEntity<rs.ftn.xws.booking.dto.ApiResponse> rs.ftn.xws.booking.controller.AccountController.registerUser(rs.ftn.xws.booking.dto.SignUpRequest)
2018-06-22 00:48:36.587  INFO 2444 --- [restartedMain] s.w.s.m.m.a.RequestMappingHandlerMapping : Mapped "{[/api/filter],methods=[GET]}" onto public rs.ftn.xws.booking.dto.FilterDto rs.ftn.xws.booking.controller.FilterController.get()
2018-06-22 00:48:36.587  INFO 2444 --- [restartedMain] s.w.s.m.m.a.RequestMappingHandlerMapping : Mapped "{[/api/filter/types],methods=[POST]}" onto public rs.ftn.xws.booking.persistence.domain.AccomodationType rs.ftn.xws.booking.controller.FilterController.postType(java.lang.String)
2018-06-22 00:48:36.587  INFO 2444 --- [restartedMain] s.w.s.m.m.a.RequestMappingHandlerMapping : Mapped "{[/api/filter/services],methods=[POST]}" onto public rs.ftn.xws.booking.persistence.domain.AdditionalService rs.ftn.xws.booking.controller.FilterController.postService(java.lang.String)
2018-06-22 00:48:36.588  INFO 2444 --- [restartedMain] s.w.s.m.m.a.RequestMappingHandlerMapping : Mapped "{[/api/filter/categories],methods=[POST]}" onto public rs.ftn.xws.booking.persistence.domain.Category rs.ftn.xws.booking.controller.FilterController.postCategory(java.lang.String)
2018-06-22 00:48:36.593  INFO 2444 --- [restartedMain] s.w.s.m.m.a.RequestMappingHandlerMapping : Mapped "{[/api/reservations/{id}/messages],methods=[GET]}" onto public java.util.List<rs.ftn.xws.booking.dto.MessageDto> rs.ftn.xws.booking.controller.ReservationController.get(java.lang.Long)
2018-06-22 00:48:36.598  INFO 2444 --- [restartedMain] s.w.s.m.m.a.RequestMappingHandlerMapping : Mapped "{[/api/reservations],methods=[GET]}" onto public java.util.List<rs.ftn.xws.booking.dto.ReservationDto> rs.ftn.xws.booking.controller.ReservationController.get()
2018-06-22 00:48:36.599  INFO 2444 --- [restartedMain] s.w.s.m.m.a.RequestMappingHandlerMapping : Mapped "{[/api/reservations/{id}],methods=[PUT]}" onto public void rs.ftn.xws.booking.controller.ReservationController.put(java.lang.Long,org.springframework.security.core.Authentication)
2018-06-22 00:48:36.599  INFO 2444 --- [restartedMain] s.w.s.m.m.a.RequestMappingHandlerMapping : Mapped "{[/api/reservations/{id}/messages],methods=[POST]}" onto public rs.ftn.xws.booking.dto.MessageDto rs.ftn.xws.booking.controller.ReservationController.post(java.lang.Long,org.springframework.security.core.Authentication,java.lang.String)
2018-06-22 00:48:36.600  INFO 2444 --- [restartedMain] s.w.s.m.m.a.RequestMappingHandlerMapping : Mapped "{[/api/reservations/{id}/ratings],methods=[POST]}" onto public org.springframework.http.ResponseEntity<?> rs.ftn.xws.booking.controller.ReservationController.postRating(java.lang.Long,org.springframework.security.core.Authentication,rs.ftn.xws.booking.dto.RatingDto)
2018-06-22 00:48:36.601  INFO 2444 --- [restartedMain] s.w.s.m.m.a.RequestMappingHandlerMapping : Mapped "{[/api/reservations/{id}],methods=[DELETE]}" onto public void rs.ftn.xws.booking.controller.ReservationController.cancelReservation(java.lang.Long)
2018-06-22 00:48:36.602  INFO 2444 --- [restartedMain] s.w.s.m.m.a.RequestMappingHandlerMapping : Mapped "{[/api/test/2],methods=[GET]}" onto public java.lang.String rs.ftn.xws.booking.controller.TestController.getHasAuthority(org.springframework.security.core.Authentication)
2018-06-22 00:48:36.602  INFO 2444 --- [restartedMain] s.w.s.m.m.a.RequestMappingHandlerMapping : Mapped "{[/api/test/3],methods=[GET]}" onto public java.lang.String rs.ftn.xws.booking.controller.TestController.getTest3()
2018-06-22 00:48:36.603  INFO 2444 --- [restartedMain] s.w.s.m.m.a.RequestMappingHandlerMapping : Mapped "{[/api/test/4/{test}],methods=[GET]}" onto public java.lang.String rs.ftn.xws.booking.controller.TestController.getTest4(int)
2018-06-22 00:48:36.603  INFO 2444 --- [restartedMain] s.w.s.m.m.a.RequestMappingHandlerMapping : Mapped "{[/api/test/1],methods=[GET]}" onto public java.lang.String rs.ftn.xws.booking.controller.TestController.getHello()
2018-06-22 00:48:36.606  INFO 2444 --- [restartedMain] s.w.s.m.m.a.RequestMappingHandlerMapping : Mapped "{[/error]}" onto public org.springframework.http.ResponseEntity<java.util.Map<java.lang.String, java.lang.Object>> org.springframework.boot.autoconfigure.web.servlet.error.BasicErrorController.error(javax.servlet.http.HttpServletRequest)
2018-06-22 00:48:36.607  INFO 2444 --- [restartedMain] s.w.s.m.m.a.RequestMappingHandlerMapping : Mapped "{[/error],produces=[text/html]}" onto public org.springframework.web.servlet.ModelAndView org.springframework.boot.autoconfigure.web.servlet.error.BasicErrorController.errorHtml(javax.servlet.http.HttpServletRequest,javax.servlet.http.HttpServletResponse)
2018-06-22 00:48:36.650  INFO 2444 --- [restartedMain] o.s.w.s.handler.SimpleUrlHandlerMapping  : Mapped URL path [/webjars/**] onto handler of type [class org.springframework.web.servlet.resource.ResourceHttpRequestHandler]
2018-06-22 00:48:36.650  INFO 2444 --- [restartedMain] o.s.w.s.handler.SimpleUrlHandlerMapping  : Mapped URL path [/**] onto handler of type [class org.springframework.web.servlet.resource.ResourceHttpRequestHandler]
2018-06-22 00:48:36.656  INFO 2444 --- [restartedMain] o.s.b.a.w.s.WelcomePageHandlerMapping    : Adding welcome page: class path resource [static/index.html]
2018-06-22 00:48:36.693  INFO 2444 --- [restartedMain] o.s.s.web.DefaultSecurityFilterChain     : Creating filter chain: org.springframework.security.web.util.matcher.AnyRequestMatcher@1, [org.springframework.security.web.context.request.async.WebAsyncManagerIntegrationFilter@5be3ccff, org.springframework.security.web.context.SecurityContextPersistenceFilter@540666bf, org.springframework.security.web.header.HeaderWriterFilter@27d983cc, org.springframework.web.filter.CorsFilter@5bb9b7be, org.springframework.security.web.authentication.logout.LogoutFilter@47684c5e, rs.ftn.xws.booking.security.JwtAuthenticationFilter@724f1de6, org.springframework.security.web.savedrequest.RequestCacheAwareFilter@30c2b500, org.springframework.security.web.servletapi.SecurityContextHolderAwareRequestFilter@77a22089, org.springframework.security.web.authentication.AnonymousAuthenticationFilter@7590cea5, org.springframework.security.web.session.SessionManagementFilter@5304f5aa, org.springframework.security.web.access.ExceptionTranslationFilter@299f1794, org.springframework.security.web.access.intercept.FilterSecurityInterceptor@7cad6c91]
2018-06-22 00:48:36.963  INFO 2444 --- [restartedMain] s.w.s.m.m.a.RequestMappingHandlerAdapter : Looking for @ControllerAdvice: org.springframework.boot.web.servlet.context.AnnotationConfigServletWebServerApplicationContext@33bf3591: startup date [Fri Jun 22 00:48:19 CEST 2018]; root of context hierarchy
2018-06-22 00:48:37.409  INFO 2444 --- [restartedMain] o.s.b.d.a.OptionalLiveReloadServer       : LiveReload server is running on port 35729
2018-06-22 00:48:37.463  INFO 2444 --- [restartedMain] o.s.j.e.a.AnnotationMBeanExporter        : Registering beans for JMX exposure on startup
2018-06-22 00:48:37.465  INFO 2444 --- [restartedMain] o.s.j.e.a.AnnotationMBeanExporter        : Bean with name 'dataSource' has been autodetected for JMX exposure
2018-06-22 00:48:37.472  INFO 2444 --- [restartedMain] o.s.j.e.a.AnnotationMBeanExporter        : Located MBean 'dataSource': registering with JMX server as MBean [com.zaxxer.hikari:name=dataSource,type=HikariDataSource]
2018-06-22 00:48:37.627  INFO 2444 --- [restartedMain] o.s.b.w.embedded.tomcat.TomcatWebServer  : Tomcat started on port(s): 8443 (https) 8080 (http) with context path ''
2018-06-22 00:48:37.632  INFO 2444 --- [restartedMain] rs.ftn.xws.booking.BookingApplication    : Started BookingApplication in 18.819 seconds (JVM running for 20.143)
2018-06-22 00:49:17.740  INFO 2444 --- [https-jsse-nio-8443-exec-2] o.a.c.c.C.[Tomcat].[localhost].[/]       : Initializing Spring FrameworkServlet 'dispatcherServlet'
2018-06-22 00:49:17.747  INFO 2444 --- [https-jsse-nio-8443-exec-2] o.s.web.servlet.DispatcherServlet        : FrameworkServlet 'dispatcherServlet': initialization started
2018-06-22 00:49:17.776  INFO 2444 --- [https-jsse-nio-8443-exec-2] o.s.web.servlet.DispatcherServlet        : FrameworkServlet 'dispatcherServlet': initialization completed in 22 ms
2018-06-22 00:55:50.252  WARN 2444 --- [https-jsse-nio-8443-exec-9] .w.s.m.a.ResponseStatusExceptionResolver : Resolved exception caused by Handler execution: rs.ftn.xws.booking.exception.ReservationException: Can only cancel three days before start time!
2018-06-22 01:14:47.258 ERROR 2444 --- [https-jsse-nio-8443-exec-5] o.a.c.c.C.[.[.[/].[dispatcherServlet]    : Servlet.service() for servlet [dispatcherServlet] in context with path [] threw exception [Request processing failed; nested exception is javax.validation.UnexpectedTypeException: HV000030: No validator could be found for constraint 'javax.validation.constraints.NotBlank' validating type 'java.lang.Integer'. Check configuration for 'rating'] with root cause

javax.validation.UnexpectedTypeException: HV000030: No validator could be found for constraint 'javax.validation.constraints.NotBlank' validating type 'java.lang.Integer'. Check configuration for 'rating'
	at org.hibernate.validator.internal.engine.constraintvalidation.ConstraintTree.getExceptionForNullValidator(ConstraintTree.java:108) ~[hibernate-validator-6.0.9.Final.jar:6.0.9.Final]
	at org.hibernate.validator.internal.engine.constraintvalidation.ConstraintTree.getInitializedConstraintValidator(ConstraintTree.java:140) ~[hibernate-validator-6.0.9.Final.jar:6.0.9.Final]
	at org.hibernate.validator.internal.engine.constraintvalidation.SimpleConstraintTree.validateConstraints(SimpleConstraintTree.java:55) ~[hibernate-validator-6.0.9.Final.jar:6.0.9.Final]
	at org.hibernate.validator.internal.engine.constraintvalidation.ConstraintTree.validateConstraints(ConstraintTree.java:73) ~[hibernate-validator-6.0.9.Final.jar:6.0.9.Final]
	at org.hibernate.validator.internal.metadata.core.MetaConstraint.doValidateConstraint(MetaConstraint.java:127) ~[hibernate-validator-6.0.9.Final.jar:6.0.9.Final]
	at org.hibernate.validator.internal.metadata.core.MetaConstraint.validateConstraint(MetaConstraint.java:120) ~[hibernate-validator-6.0.9.Final.jar:6.0.9.Final]
	at org.hibernate.validator.internal.engine.ValidatorImpl.validateMetaConstraint(ValidatorImpl.java:533) ~[hibernate-validator-6.0.9.Final.jar:6.0.9.Final]
	at org.hibernate.validator.internal.engine.ValidatorImpl.validateConstraintsForSingleDefaultGroupElement(ValidatorImpl.java:496) ~[hibernate-validator-6.0.9.Final.jar:6.0.9.Final]
	at org.hibernate.validator.internal.engine.ValidatorImpl.validateConstraintsForDefaultGroup(ValidatorImpl.java:465) ~[hibernate-validator-6.0.9.Final.jar:6.0.9.Final]
	at org.hibernate.validator.internal.engine.ValidatorImpl.validateConstraintsForCurrentGroup(ValidatorImpl.java:430) ~[hibernate-validator-6.0.9.Final.jar:6.0.9.Final]
	at org.hibernate.validator.internal.engine.ValidatorImpl.validateInContext(ValidatorImpl.java:380) ~[hibernate-validator-6.0.9.Final.jar:6.0.9.Final]
	at org.hibernate.validator.internal.engine.ValidatorImpl.validate(ValidatorImpl.java:169) ~[hibernate-validator-6.0.9.Final.jar:6.0.9.Final]
	at org.springframework.validation.beanvalidation.SpringValidatorAdapter.validate(SpringValidatorAdapter.java:120) ~[spring-context-5.0.6.RELEASE.jar:5.0.6.RELEASE]
	at org.springframework.boot.autoconfigure.validation.ValidatorAdapter.validate(ValidatorAdapter.java:69) ~[spring-boot-autoconfigure-2.0.2.RELEASE.jar:2.0.2.RELEASE]
	at org.springframework.validation.DataBinder.validate(DataBinder.java:871) ~[spring-context-5.0.6.RELEASE.jar:5.0.6.RELEASE]
	at org.springframework.web.servlet.mvc.method.annotation.AbstractMessageConverterMethodArgumentResolver.validateIfApplicable(AbstractMessageConverterMethodArgumentResolver.java:260) ~[spring-webmvc-5.0.6.RELEASE.jar:5.0.6.RELEASE]
	at org.springframework.web.servlet.mvc.method.annotation.RequestResponseBodyMethodProcessor.resolveArgument(RequestResponseBodyMethodProcessor.java:136) ~[spring-webmvc-5.0.6.RELEASE.jar:5.0.6.RELEASE]
	at org.springframework.web.method.support.HandlerMethodArgumentResolverComposite.resolveArgument(HandlerMethodArgumentResolverComposite.java:124) ~[spring-web-5.0.6.RELEASE.jar:5.0.6.RELEASE]
	at org.springframework.web.method.support.InvocableHandlerMethod.getMethodArgumentValues(InvocableHandlerMethod.java:161) ~[spring-web-5.0.6.RELEASE.jar:5.0.6.RELEASE]
	at org.springframework.web.method.support.InvocableHandlerMethod.invokeForRequest(InvocableHandlerMethod.java:131) ~[spring-web-5.0.6.RELEASE.jar:5.0.6.RELEASE]
	at org.springframework.web.servlet.mvc.method.annotation.ServletInvocableHandlerMethod.invokeAndHandle(ServletInvocableHandlerMethod.java:102) ~[spring-webmvc-5.0.6.RELEASE.jar:5.0.6.RELEASE]
	at org.springframework.web.servlet.mvc.method.annotation.RequestMappingHandlerAdapter.invokeHandlerMethod(RequestMappingHandlerAdapter.java:877) ~[spring-webmvc-5.0.6.RELEASE.jar:5.0.6.RELEASE]
	at org.springframework.web.servlet.mvc.method.annotation.RequestMappingHandlerAdapter.handleInternal(RequestMappingHandlerAdapter.java:783) ~[spring-webmvc-5.0.6.RELEASE.jar:5.0.6.RELEASE]
	at org.springframework.web.servlet.mvc.method.AbstractHandlerMethodAdapter.handle(AbstractHandlerMethodAdapter.java:87) ~[spring-webmvc-5.0.6.RELEASE.jar:5.0.6.RELEASE]
	at org.springframework.web.servlet.DispatcherServlet.doDispatch(DispatcherServlet.java:991) ~[spring-webmvc-5.0.6.RELEASE.jar:5.0.6.RELEASE]
	at org.springframework.web.servlet.DispatcherServlet.doService(DispatcherServlet.java:925) ~[spring-webmvc-5.0.6.RELEASE.jar:5.0.6.RELEASE]
	at org.springframework.web.servlet.FrameworkServlet.processRequest(FrameworkServlet.java:974) ~[spring-webmvc-5.0.6.RELEASE.jar:5.0.6.RELEASE]
	at org.springframework.web.servlet.FrameworkServlet.doPost(FrameworkServlet.java:877) ~[spring-webmvc-5.0.6.RELEASE.jar:5.0.6.RELEASE]
	at javax.servlet.http.HttpServlet.service(HttpServlet.java:661) ~[tomcat-embed-core-8.5.31.jar:8.5.31]
	at org.springframework.web.servlet.FrameworkServlet.service(FrameworkServlet.java:851) ~[spring-webmvc-5.0.6.RELEASE.jar:5.0.6.RELEASE]
	at javax.servlet.http.HttpServlet.service(HttpServlet.java:742) ~[tomcat-embed-core-8.5.31.jar:8.5.31]
	at org.apache.catalina.core.ApplicationFilterChain.internalDoFilter(ApplicationFilterChain.java:231) ~[tomcat-embed-core-8.5.31.jar:8.5.31]
	at org.apache.catalina.core.ApplicationFilterChain.doFilter(ApplicationFilterChain.java:166) ~[tomcat-embed-core-8.5.31.jar:8.5.31]
	at org.apache.tomcat.websocket.server.WsFilter.doFilter(WsFilter.java:52) ~[tomcat-embed-websocket-8.5.31.jar:8.5.31]
	at org.apache.catalina.core.ApplicationFilterChain.internalDoFilter(ApplicationFilterChain.java:193) ~[tomcat-embed-core-8.5.31.jar:8.5.31]
	at org.apache.catalina.core.ApplicationFilterChain.doFilter(ApplicationFilterChain.java:166) ~[tomcat-embed-core-8.5.31.jar:8.5.31]
	at org.springframework.web.filter.OncePerRequestFilter.doFilter(OncePerRequestFilter.java:101) ~[spring-web-5.0.6.RELEASE.jar:5.0.6.RELEASE]
	at org.apache.catalina.core.ApplicationFilterChain.internalDoFilter(ApplicationFilterChain.java:193) ~[tomcat-embed-core-8.5.31.jar:8.5.31]
	at org.apache.catalina.core.ApplicationFilterChain.doFilter(ApplicationFilterChain.java:166) ~[tomcat-embed-core-8.5.31.jar:8.5.31]
	at org.springframework.security.web.FilterChainProxy$VirtualFilterChain.doFilter(FilterChainProxy.java:320) ~[spring-security-web-5.0.5.RELEASE.jar:5.0.5.RELEASE]
	at org.springframework.security.web.access.intercept.FilterSecurityInterceptor.invoke(FilterSecurityInterceptor.java:127) ~[spring-security-web-5.0.5.RELEASE.jar:5.0.5.RELEASE]
	at org.springframework.security.web.access.intercept.FilterSecurityInterceptor.doFilter(FilterSecurityInterceptor.java:91) ~[spring-security-web-5.0.5.RELEASE.jar:5.0.5.RELEASE]
	at org.springframework.security.web.FilterChainProxy$VirtualFilterChain.doFilter(FilterChainProxy.java:334) ~[spring-security-web-5.0.5.RELEASE.jar:5.0.5.RELEASE]
	at org.springframework.security.web.access.ExceptionTranslationFilter.doFilter(ExceptionTranslationFilter.java:119) ~[spring-security-web-5.0.5.RELEASE.jar:5.0.5.RELEASE]
	at org.springframework.security.web.FilterChainProxy$VirtualFilterChain.doFilter(FilterChainProxy.java:334) ~[spring-security-web-5.0.5.RELEASE.jar:5.0.5.RELEASE]
	at org.springframework.security.web.session.SessionManagementFilter.doFilter(SessionManagementFilter.java:137) ~[spring-security-web-5.0.5.RELEASE.jar:5.0.5.RELEASE]
	at org.springframework.security.web.FilterChainProxy$VirtualFilterChain.doFilter(FilterChainProxy.java:334) ~[spring-security-web-5.0.5.RELEASE.jar:5.0.5.RELEASE]
	at org.springframework.security.web.authentication.AnonymousAuthenticationFilter.doFilter(AnonymousAuthenticationFilter.java:111) ~[spring-security-web-5.0.5.RELEASE.jar:5.0.5.RELEASE]
	at org.springframework.security.web.FilterChainProxy$VirtualFilterChain.doFilter(FilterChainProxy.java:334) ~[spring-security-web-5.0.5.RELEASE.jar:5.0.5.RELEASE]
	at org.springframework.security.web.servletapi.SecurityContextHolderAwareRequestFilter.doFilter(SecurityContextHolderAwareRequestFilter.java:170) ~[spring-security-web-5.0.5.RELEASE.jar:5.0.5.RELEASE]
	at org.springframework.security.web.FilterChainProxy$VirtualFilterChain.doFilter(FilterChainProxy.java:334) ~[spring-security-web-5.0.5.RELEASE.jar:5.0.5.RELEASE]
	at org.springframework.security.web.savedrequest.RequestCacheAwareFilter.doFilter(RequestCacheAwareFilter.java:63) ~[spring-security-web-5.0.5.RELEASE.jar:5.0.5.RELEASE]
	at org.springframework.security.web.FilterChainProxy$VirtualFilterChain.doFilter(FilterChainProxy.java:334) ~[spring-security-web-5.0.5.RELEASE.jar:5.0.5.RELEASE]
	at rs.ftn.xws.booking.security.JwtAuthenticationFilter.doFilterInternal(JwtAuthenticationFilter.java:46) ~[classes/:na]
	at org.springframework.web.filter.OncePerRequestFilter.doFilter(OncePerRequestFilter.java:107) ~[spring-web-5.0.6.RELEASE.jar:5.0.6.RELEASE]
	at org.springframework.security.web.FilterChainProxy$VirtualFilterChain.doFilter(FilterChainProxy.java:334) ~[spring-security-web-5.0.5.RELEASE.jar:5.0.5.RELEASE]
	at org.springframework.security.web.authentication.logout.LogoutFilter.doFilter(LogoutFilter.java:116) ~[spring-security-web-5.0.5.RELEASE.jar:5.0.5.RELEASE]
	at org.springframework.security.web.FilterChainProxy$VirtualFilterChain.doFilter(FilterChainProxy.java:334) ~[spring-security-web-5.0.5.RELEASE.jar:5.0.5.RELEASE]
	at org.springframework.web.filter.CorsFilter.doFilterInternal(CorsFilter.java:96) ~[spring-web-5.0.6.RELEASE.jar:5.0.6.RELEASE]
	at org.springframework.web.filter.OncePerRequestFilter.doFilter(OncePerRequestFilter.java:107) ~[spring-web-5.0.6.RELEASE.jar:5.0.6.RELEASE]
	at org.springframework.security.web.FilterChainProxy$VirtualFilterChain.doFilter(FilterChainProxy.java:334) ~[spring-security-web-5.0.5.RELEASE.jar:5.0.5.RELEASE]
	at org.springframework.security.web.header.HeaderWriterFilter.doFilterInternal(HeaderWriterFilter.java:66) ~[spring-security-web-5.0.5.RELEASE.jar:5.0.5.RELEASE]
	at org.springframework.web.filter.OncePerRequestFilter.doFilter(OncePerRequestFilter.java:107) ~[spring-web-5.0.6.RELEASE.jar:5.0.6.RELEASE]
	at org.springframework.security.web.FilterChainProxy$VirtualFilterChain.doFilter(FilterChainProxy.java:334) ~[spring-security-web-5.0.5.RELEASE.jar:5.0.5.RELEASE]
	at org.springframework.security.web.context.SecurityContextPersistenceFilter.doFilter(SecurityContextPersistenceFilter.java:105) ~[spring-security-web-5.0.5.RELEASE.jar:5.0.5.RELEASE]
	at org.springframework.security.web.FilterChainProxy$VirtualFilterChain.doFilter(FilterChainProxy.java:334) ~[spring-security-web-5.0.5.RELEASE.jar:5.0.5.RELEASE]
	at org.springframework.security.web.context.request.async.WebAsyncManagerIntegrationFilter.doFilterInternal(WebAsyncManagerIntegrationFilter.java:56) ~[spring-security-web-5.0.5.RELEASE.jar:5.0.5.RELEASE]
	at org.springframework.web.filter.OncePerRequestFilter.doFilter(OncePerRequestFilter.java:107) ~[spring-web-5.0.6.RELEASE.jar:5.0.6.RELEASE]
	at org.springframework.security.web.FilterChainProxy$VirtualFilterChain.doFilter(FilterChainProxy.java:334) ~[spring-security-web-5.0.5.RELEASE.jar:5.0.5.RELEASE]
	at org.springframework.security.web.FilterChainProxy.doFilterInternal(FilterChainProxy.java:215) ~[spring-security-web-5.0.5.RELEASE.jar:5.0.5.RELEASE]
	at org.springframework.security.web.FilterChainProxy.doFilter(FilterChainProxy.java:178) ~[spring-security-web-5.0.5.RELEASE.jar:5.0.5.RELEASE]
	at org.springframework.web.filter.DelegatingFilterProxy.invokeDelegate(DelegatingFilterProxy.java:357) ~[spring-web-5.0.6.RELEASE.jar:5.0.6.RELEASE]
	at org.springframework.web.filter.DelegatingFilterProxy.doFilter(DelegatingFilterProxy.java:270) ~[spring-web-5.0.6.RELEASE.jar:5.0.6.RELEASE]
	at org.apache.catalina.core.ApplicationFilterChain.internalDoFilter(ApplicationFilterChain.java:193) ~[tomcat-embed-core-8.5.31.jar:8.5.31]
	at org.apache.catalina.core.ApplicationFilterChain.doFilter(ApplicationFilterChain.java:166) ~[tomcat-embed-core-8.5.31.jar:8.5.31]
	at org.springframework.web.filter.RequestContextFilter.doFilterInternal(RequestContextFilter.java:99) ~[spring-web-5.0.6.RELEASE.jar:5.0.6.RELEASE]
	at org.springframework.web.filter.OncePerRequestFilter.doFilter(OncePerRequestFilter.java:107) ~[spring-web-5.0.6.RELEASE.jar:5.0.6.RELEASE]
	at org.apache.catalina.core.ApplicationFilterChain.internalDoFilter(ApplicationFilterChain.java:193) ~[tomcat-embed-core-8.5.31.jar:8.5.31]
	at org.apache.catalina.core.ApplicationFilterChain.doFilter(ApplicationFilterChain.java:166) ~[tomcat-embed-core-8.5.31.jar:8.5.31]
	at org.springframework.web.filter.HttpPutFormContentFilter.doFilterInternal(HttpPutFormContentFilter.java:109) ~[spring-web-5.0.6.RELEASE.jar:5.0.6.RELEASE]
	at org.springframework.web.filter.OncePerRequestFilter.doFilter(OncePerRequestFilter.java:107) ~[spring-web-5.0.6.RELEASE.jar:5.0.6.RELEASE]
	at org.apache.catalina.core.ApplicationFilterChain.internalDoFilter(ApplicationFilterChain.java:193) ~[tomcat-embed-core-8.5.31.jar:8.5.31]
	at org.apache.catalina.core.ApplicationFilterChain.doFilter(ApplicationFilterChain.java:166) ~[tomcat-embed-core-8.5.31.jar:8.5.31]
	at org.springframework.web.filter.HiddenHttpMethodFilter.doFilterInternal(HiddenHttpMethodFilter.java:81) ~[spring-web-5.0.6.RELEASE.jar:5.0.6.RELEASE]
	at org.springframework.web.filter.OncePerRequestFilter.doFilter(OncePerRequestFilter.java:107) ~[spring-web-5.0.6.RELEASE.jar:5.0.6.RELEASE]
	at org.apache.catalina.core.ApplicationFilterChain.internalDoFilter(ApplicationFilterChain.java:193) ~[tomcat-embed-core-8.5.31.jar:8.5.31]
	at org.apache.catalina.core.ApplicationFilterChain.doFilter(ApplicationFilterChain.java:166) ~[tomcat-embed-core-8.5.31.jar:8.5.31]
	at org.springframework.web.filter.CharacterEncodingFilter.doFilterInternal(CharacterEncodingFilter.java:200) ~[spring-web-5.0.6.RELEASE.jar:5.0.6.RELEASE]
	at org.springframework.web.filter.OncePerRequestFilter.doFilter(OncePerRequestFilter.java:107) ~[spring-web-5.0.6.RELEASE.jar:5.0.6.RELEASE]
	at org.apache.catalina.core.ApplicationFilterChain.internalDoFilter(ApplicationFilterChain.java:193) ~[tomcat-embed-core-8.5.31.jar:8.5.31]
	at org.apache.catalina.core.ApplicationFilterChain.doFilter(ApplicationFilterChain.java:166) ~[tomcat-embed-core-8.5.31.jar:8.5.31]
	at org.apache.catalina.core.StandardWrapperValve.invoke(StandardWrapperValve.java:198) ~[tomcat-embed-core-8.5.31.jar:8.5.31]
	at org.apache.catalina.core.StandardContextValve.invoke(StandardContextValve.java:96) [tomcat-embed-core-8.5.31.jar:8.5.31]
	at org.apache.catalina.authenticator.AuthenticatorBase.invoke(AuthenticatorBase.java:613) [tomcat-embed-core-8.5.31.jar:8.5.31]
	at org.apache.catalina.core.StandardHostValve.invoke(StandardHostValve.java:140) [tomcat-embed-core-8.5.31.jar:8.5.31]
	at org.apache.catalina.valves.ErrorReportValve.invoke(ErrorReportValve.java:81) [tomcat-embed-core-8.5.31.jar:8.5.31]
	at org.apache.catalina.core.StandardEngineValve.invoke(StandardEngineValve.java:87) [tomcat-embed-core-8.5.31.jar:8.5.31]
	at org.apache.catalina.connector.CoyoteAdapter.service(CoyoteAdapter.java:342) [tomcat-embed-core-8.5.31.jar:8.5.31]
	at org.apache.coyote.http11.Http11Processor.service(Http11Processor.java:803) [tomcat-embed-core-8.5.31.jar:8.5.31]
	at org.apache.coyote.AbstractProcessorLight.process(AbstractProcessorLight.java:66) [tomcat-embed-core-8.5.31.jar:8.5.31]
	at org.apache.coyote.AbstractProtocol$ConnectionHandler.process(AbstractProtocol.java:790) [tomcat-embed-core-8.5.31.jar:8.5.31]
	at org.apache.tomcat.util.net.NioEndpoint$SocketProcessor.doRun(NioEndpoint.java:1468) [tomcat-embed-core-8.5.31.jar:8.5.31]
	at org.apache.tomcat.util.net.SocketProcessorBase.run(SocketProcessorBase.java:49) [tomcat-embed-core-8.5.31.jar:8.5.31]
	at java.util.concurrent.ThreadPoolExecutor.runWorker(ThreadPoolExecutor.java:1149) [na:1.8.0_172]
	at java.util.concurrent.ThreadPoolExecutor$Worker.run(ThreadPoolExecutor.java:624) [na:1.8.0_172]
	at org.apache.tomcat.util.threads.TaskThread$WrappingRunnable.run(TaskThread.java:61) [tomcat-embed-core-8.5.31.jar:8.5.31]
	at java.lang.Thread.run(Thread.java:748) [na:1.8.0_172]

2018-06-22 01:15:28.012  INFO 2444 --- [Thread-7] ConfigServletWebServerApplicationContext : Closing org.springframework.boot.web.servlet.context.AnnotationConfigServletWebServerApplicationContext@33bf3591: startup date [Fri Jun 22 00:48:19 CEST 2018]; root of context hierarchy
2018-06-22 01:15:28.026  INFO 2444 --- [Thread-7] o.s.j.e.a.AnnotationMBeanExporter        : Unregistering JMX-exposed beans on shutdown
2018-06-22 01:15:28.034  INFO 2444 --- [Thread-7] o.s.j.e.a.AnnotationMBeanExporter        : Unregistering JMX-exposed beans
2018-06-22 01:15:28.049  INFO 2444 --- [Thread-7] j.LocalContainerEntityManagerFactoryBean : Closing JPA EntityManagerFactory for persistence unit 'default'
2018-06-22 01:15:28.051  INFO 2444 --- [Thread-7] com.zaxxer.hikari.HikariDataSource       : HikariPool-1 - Shutdown initiated...
2018-06-22 01:15:28.065  INFO 2444 --- [Thread-7] com.zaxxer.hikari.HikariDataSource       : HikariPool-1 - Shutdown completed.
2018-06-22 01:15:28.711  INFO 2444 --- [restartedMain] rs.ftn.xws.booking.BookingApplication    : Starting BookingApplication on Boki-laptop with PID 2444 (started by Boris Hadzic in C:\Users\Boris Hadzic\git\XWS-Project\booking)
2018-06-22 01:15:28.712  INFO 2444 --- [restartedMain] rs.ftn.xws.booking.BookingApplication    : The following profiles are active: dev
2018-06-22 01:15:28.718  INFO 2444 --- [restartedMain] ConfigServletWebServerApplicationContext : Refreshing org.springframework.boot.web.servlet.context.AnnotationConfigServletWebServerApplicationContext@3ed5b691: startup date [Fri Jun 22 01:15:28 CEST 2018]; root of context hierarchy
2018-06-22 01:15:29.388  INFO 2444 --- [restartedMain] trationDelegate$BeanPostProcessorChecker : Bean 'org.springframework.transaction.annotation.ProxyTransactionManagementConfiguration' of type [org.springframework.transaction.annotation.ProxyTransactionManagementConfiguration$$EnhancerBySpringCGLIB$$38c4d708] is not eligible for getting processed by all BeanPostProcessors (for example: not eligible for auto-proxying)
2018-06-22 01:15:29.392  INFO 2444 --- [restartedMain] trationDelegate$BeanPostProcessorChecker : Bean 'org.springframework.security.config.annotation.method.configuration.Jsr250MetadataSourceConfiguration' of type [org.springframework.security.config.annotation.method.configuration.Jsr250MetadataSourceConfiguration$$EnhancerBySpringCGLIB$$1b9c5a0a] is not eligible for getting processed by all BeanPostProcessors (for example: not eligible for auto-proxying)
2018-06-22 01:15:29.393  INFO 2444 --- [restartedMain] trationDelegate$BeanPostProcessorChecker : Bean 'jsr250MethodSecurityMetadataSource' of type [org.springframework.security.access.annotation.Jsr250MethodSecurityMetadataSource] is not eligible for getting processed by all BeanPostProcessors (for example: not eligible for auto-proxying)
2018-06-22 01:15:29.395  INFO 2444 --- [restartedMain] trationDelegate$BeanPostProcessorChecker : Bean 'org.springframework.security.config.annotation.configuration.ObjectPostProcessorConfiguration' of type [org.springframework.security.config.annotation.configuration.ObjectPostProcessorConfiguration$$EnhancerBySpringCGLIB$$d1729f42] is not eligible for getting processed by all BeanPostProcessors (for example: not eligible for auto-proxying)
2018-06-22 01:15:29.396  INFO 2444 --- [restartedMain] trationDelegate$BeanPostProcessorChecker : Bean 'objectPostProcessor' of type [org.springframework.security.config.annotation.configuration.AutowireBeanFactoryObjectPostProcessor] is not eligible for getting processed by all BeanPostProcessors (for example: not eligible for auto-proxying)
2018-06-22 01:15:29.397  INFO 2444 --- [restartedMain] trationDelegate$BeanPostProcessorChecker : Bean 'org.springframework.security.access.expression.method.DefaultMethodSecurityExpressionHandler@1d9e9e05' of type [org.springframework.security.access.expression.method.DefaultMethodSecurityExpressionHandler] is not eligible for getting processed by all BeanPostProcessors (for example: not eligible for auto-proxying)
2018-06-22 01:15:29.397  INFO 2444 --- [restartedMain] trationDelegate$BeanPostProcessorChecker : Bean 'org.springframework.security.config.annotation.method.configuration.GlobalMethodSecurityConfiguration' of type [org.springframework.security.config.annotation.method.configuration.GlobalMethodSecurityConfiguration$$EnhancerBySpringCGLIB$$f64741f4] is not eligible for getting processed by all BeanPostProcessors (for example: not eligible for auto-proxying)
2018-06-22 01:15:29.399  INFO 2444 --- [restartedMain] trationDelegate$BeanPostProcessorChecker : Bean 'methodSecurityMetadataSource' of type [org.springframework.security.access.method.DelegatingMethodSecurityMetadataSource] is not eligible for getting processed by all BeanPostProcessors (for example: not eligible for auto-proxying)
2018-06-22 01:15:29.541  INFO 2444 --- [restartedMain] o.s.b.w.embedded.tomcat.TomcatWebServer  : Tomcat initialized with port(s): 8443 (https) 8080 (http)
2018-06-22 01:15:29.548  INFO 2444 --- [restartedMain] o.apache.catalina.core.StandardService   : Starting service [Tomcat]
2018-06-22 01:15:29.549  INFO 2444 --- [restartedMain] org.apache.catalina.core.StandardEngine  : Starting Servlet Engine: Apache Tomcat/8.5.31
2018-06-22 01:15:29.577  INFO 2444 --- [localhost-startStop-1] o.a.c.c.C.[Tomcat].[localhost].[/]       : Initializing Spring embedded WebApplicationContext
2018-06-22 01:15:29.578  INFO 2444 --- [localhost-startStop-1] o.s.web.context.ContextLoader            : Root WebApplicationContext: initialization completed in 860 ms
2018-06-22 01:15:29.856  INFO 2444 --- [localhost-startStop-1] com.zaxxer.hikari.HikariDataSource       : HikariPool-2 - Starting...
2018-06-22 01:15:29.860  INFO 2444 --- [localhost-startStop-1] com.zaxxer.hikari.HikariDataSource       : HikariPool-2 - Start completed.
2018-06-22 01:15:29.883  INFO 2444 --- [localhost-startStop-1] j.LocalContainerEntityManagerFactoryBean : Building JPA container EntityManagerFactory for persistence unit 'default'
2018-06-22 01:15:30.114  INFO 2444 --- [localhost-startStop-1] j.LocalContainerEntityManagerFactoryBean : Initialized JPA EntityManagerFactory for persistence unit 'default'
2018-06-22 01:15:30.302  INFO 2444 --- [localhost-startStop-1] o.s.b.w.servlet.FilterRegistrationBean   : Mapping filter: 'characterEncodingFilter' to: [/*]
2018-06-22 01:15:30.302  INFO 2444 --- [localhost-startStop-1] o.s.b.w.servlet.FilterRegistrationBean   : Mapping filter: 'hiddenHttpMethodFilter' to: [/*]
2018-06-22 01:15:30.302  INFO 2444 --- [localhost-startStop-1] o.s.b.w.servlet.FilterRegistrationBean   : Mapping filter: 'httpPutFormContentFilter' to: [/*]
2018-06-22 01:15:30.302  INFO 2444 --- [localhost-startStop-1] o.s.b.w.servlet.FilterRegistrationBean   : Mapping filter: 'requestContextFilter' to: [/*]
2018-06-22 01:15:30.310  INFO 2444 --- [localhost-startStop-1] .s.DelegatingFilterProxyRegistrationBean : Mapping filter: 'springSecurityFilterChain' to: [/*]
2018-06-22 01:15:30.310  INFO 2444 --- [localhost-startStop-1] o.s.b.w.servlet.FilterRegistrationBean   : Mapping filter: 'jwtAuthenticationFilter' to: [/*]
2018-06-22 01:15:30.310  INFO 2444 --- [localhost-startStop-1] o.s.b.w.servlet.ServletRegistrationBean  : Servlet dispatcherServlet mapped to [/]
2018-06-22 01:15:30.311  INFO 2444 --- [localhost-startStop-1] o.s.b.w.servlet.ServletRegistrationBean  : Servlet CXFServlet mapped to [/services/*]
2018-06-22 01:15:30.317  INFO 2444 --- [restartedMain] o.s.jdbc.datasource.init.ScriptUtils     : Executing SQL script from URL [file:/C:/Users/Boris%20Hadzic/git/XWS-Project/booking/target/classes/data.sql]
2018-06-22 01:15:31.388  INFO 2444 --- [restartedMain] o.s.jdbc.datasource.init.ScriptUtils     : Executed SQL script from URL [file:/C:/Users/Boris%20Hadzic/git/XWS-Project/booking/target/classes/data.sql] in 1071 ms.
2018-06-22 01:15:31.828  INFO 2444 --- [restartedMain] o.a.c.w.s.f.ReflectionServiceFactoryBean : Creating Service {http://booking.xws.ftn.rs/test}TestService from class rs.ftn.xws.booking.webservice.TestService
2018-06-22 01:15:31.861  INFO 2444 --- [restartedMain] org.apache.cxf.endpoint.ServerImpl       : Setting the server's publish address to be /TestService
2018-06-22 01:15:31.872  INFO 2444 --- [restartedMain] o.a.c.w.s.f.ReflectionServiceFactoryBean : Creating Service {http://booking.xws.ftn.rs/accomodationWebService}AccomodationWebService from class rs.ftn.xws.booking.webservice.AccomodationWebService
2018-06-22 01:15:31.966  INFO 2444 --- [restartedMain] org.apache.cxf.endpoint.ServerImpl       : Setting the server's publish address to be /AccomodationWebService
2018-06-22 01:15:32.017  INFO 2444 --- [restartedMain] o.s.w.s.handler.SimpleUrlHandlerMapping  : Mapped URL path [/**/favicon.ico] onto handler of type [class org.springframework.web.servlet.resource.ResourceHttpRequestHandler]
2018-06-22 01:15:32.041  INFO 2444 --- [restartedMain] s.w.s.m.m.a.RequestMappingHandlerMapping : Mapped "{[/api/accomodations],methods=[GET]}" onto public java.util.List<rs.ftn.xws.booking.dto.TermDto> rs.ftn.xws.booking.controller.AccomodationController.get()
2018-06-22 01:15:32.048  INFO 2444 --- [restartedMain] s.w.s.m.m.a.RequestMappingHandlerMapping : Mapped "{[/api/accomodations/search],methods=[GET]}" onto public java.util.List<rs.ftn.xws.booking.dto.TermDto> rs.ftn.xws.booking.controller.AccomodationController.get(java.lang.String,java.lang.String,int,java.util.Date,java.util.Date,java.util.List<java.lang.Long>,java.util.List<java.lang.Long>,java.util.List<java.lang.Long>,rs.ftn.xws.booking.dto.Sort,rs.ftn.xws.booking.dto.Order)
2018-06-22 01:15:32.050  INFO 2444 --- [restartedMain] s.w.s.m.m.a.RequestMappingHandlerMapping : Mapped "{[/api/account/confirm-email],methods=[GET]}" onto public void rs.ftn.xws.booking.controller.AccountController.confirmEmail(java.lang.String,javax.servlet.http.HttpServletResponse) throws java.io.IOException
2018-06-22 01:15:32.051  INFO 2444 --- [restartedMain] s.w.s.m.m.a.RequestMappingHandlerMapping : Mapped "{[/api/account/forgot-password],methods=[POST]}" onto public org.springframework.http.ResponseEntity<rs.ftn.xws.booking.dto.ApiResponse> rs.ftn.xws.booking.controller.AccountController.forgotPassword(java.lang.String)
2018-06-22 01:15:32.051  INFO 2444 --- [restartedMain] s.w.s.m.m.a.RequestMappingHandlerMapping : Mapped "{[/api/account/signin],methods=[POST]}" onto public org.springframework.http.ResponseEntity<?> rs.ftn.xws.booking.controller.AccountController.authenticateUser(rs.ftn.xws.booking.dto.LoginRequest)
2018-06-22 01:15:32.059  INFO 2444 --- [restartedMain] s.w.s.m.m.a.RequestMappingHandlerMapping : Mapped "{[/api/account/password-reset],methods=[POST]}" onto public org.springframework.http.ResponseEntity<rs.ftn.xws.booking.dto.ApiResponse> rs.ftn.xws.booking.controller.AccountController.resetPassword(rs.ftn.xws.booking.dto.PasswordResetRequest)
2018-06-22 01:15:32.060  INFO 2444 --- [restartedMain] s.w.s.m.m.a.RequestMappingHandlerMapping : Mapped "{[/api/account/password-change],methods=[POST]}" onto public org.springframework.http.ResponseEntity<rs.ftn.xws.booking.dto.ApiResponse> rs.ftn.xws.booking.controller.AccountController.changePassword(rs.ftn.xws.booking.dto.PasswordChangeRequest)
2018-06-22 01:15:32.060  INFO 2444 --- [restartedMain] s.w.s.m.m.a.RequestMappingHandlerMapping : Mapped "{[/api/account/register],methods=[POST]}" onto public org.springframework.http.ResponseEntity<rs.ftn.xws.booking.dto.ApiResponse> rs.ftn.xws.booking.controller.AccountController.registerUser(rs.ftn.xws.booking.dto.SignUpRequest)
2018-06-22 01:15:32.063  INFO 2444 --- [restartedMain] s.w.s.m.m.a.RequestMappingHandlerMapping : Mapped "{[/api/filter],methods=[GET]}" onto public rs.ftn.xws.booking.dto.FilterDto rs.ftn.xws.booking.controller.FilterController.get()
2018-06-22 01:15:32.064  INFO 2444 --- [restartedMain] s.w.s.m.m.a.RequestMappingHandlerMapping : Mapped "{[/api/filter/types],methods=[POST]}" onto public rs.ftn.xws.booking.persistence.domain.AccomodationType rs.ftn.xws.booking.controller.FilterController.postType(java.lang.String)
2018-06-22 01:15:32.065  INFO 2444 --- [restartedMain] s.w.s.m.m.a.RequestMappingHandlerMapping : Mapped "{[/api/filter/services],methods=[POST]}" onto public rs.ftn.xws.booking.persistence.domain.AdditionalService rs.ftn.xws.booking.controller.FilterController.postService(java.lang.String)
2018-06-22 01:15:32.065  INFO 2444 --- [restartedMain] s.w.s.m.m.a.RequestMappingHandlerMapping : Mapped "{[/api/filter/categories],methods=[POST]}" onto public rs.ftn.xws.booking.persistence.domain.Category rs.ftn.xws.booking.controller.FilterController.postCategory(java.lang.String)
2018-06-22 01:15:32.069  INFO 2444 --- [restartedMain] s.w.s.m.m.a.RequestMappingHandlerMapping : Mapped "{[/api/reservations/{id}/messages],methods=[GET]}" onto public java.util.List<rs.ftn.xws.booking.dto.MessageDto> rs.ftn.xws.booking.controller.ReservationController.get(java.lang.Long)
2018-06-22 01:15:32.075  INFO 2444 --- [restartedMain] s.w.s.m.m.a.RequestMappingHandlerMapping : Mapped "{[/api/reservations],methods=[GET]}" onto public java.util.List<rs.ftn.xws.booking.dto.ReservationDto> rs.ftn.xws.booking.controller.ReservationController.get()
2018-06-22 01:15:32.076  INFO 2444 --- [restartedMain] s.w.s.m.m.a.RequestMappingHandlerMapping : Mapped "{[/api/reservations/{id}],methods=[PUT]}" onto public void rs.ftn.xws.booking.controller.ReservationController.put(java.lang.Long,org.springframework.security.core.Authentication)
2018-06-22 01:15:32.076  INFO 2444 --- [restartedMain] s.w.s.m.m.a.RequestMappingHandlerMapping : Mapped "{[/api/reservations/{id}/messages],methods=[POST]}" onto public rs.ftn.xws.booking.dto.MessageDto rs.ftn.xws.booking.controller.ReservationController.post(java.lang.Long,org.springframework.security.core.Authentication,java.lang.String)
2018-06-22 01:15:32.076  INFO 2444 --- [restartedMain] s.w.s.m.m.a.RequestMappingHandlerMapping : Mapped "{[/api/reservations/{id}/ratings],methods=[POST]}" onto public org.springframework.http.ResponseEntity<?> rs.ftn.xws.booking.controller.ReservationController.postRating(java.lang.Long,org.springframework.security.core.Authentication,rs.ftn.xws.booking.dto.RatingDto)
2018-06-22 01:15:32.076  INFO 2444 --- [restartedMain] s.w.s.m.m.a.RequestMappingHandlerMapping : Mapped "{[/api/reservations/{id}],methods=[DELETE]}" onto public void rs.ftn.xws.booking.controller.ReservationController.cancelReservation(java.lang.Long)
2018-06-22 01:15:32.078  INFO 2444 --- [restartedMain] s.w.s.m.m.a.RequestMappingHandlerMapping : Mapped "{[/api/test/2],methods=[GET]}" onto public java.lang.String rs.ftn.xws.booking.controller.TestController.getHasAuthority(org.springframework.security.core.Authentication)
2018-06-22 01:15:32.078  INFO 2444 --- [restartedMain] s.w.s.m.m.a.RequestMappingHandlerMapping : Mapped "{[/api/test/3],methods=[GET]}" onto public java.lang.String rs.ftn.xws.booking.controller.TestController.getTest3()
2018-06-22 01:15:32.079  INFO 2444 --- [restartedMain] s.w.s.m.m.a.RequestMappingHandlerMapping : Mapped "{[/api/test/4/{test}],methods=[GET]}" onto public java.lang.String rs.ftn.xws.booking.controller.TestController.getTest4(int)
2018-06-22 01:15:32.079  INFO 2444 --- [restartedMain] s.w.s.m.m.a.RequestMappingHandlerMapping : Mapped "{[/api/test/1],methods=[GET]}" onto public java.lang.String rs.ftn.xws.booking.controller.TestController.getHello()
2018-06-22 01:15:32.082  INFO 2444 --- [restartedMain] s.w.s.m.m.a.RequestMappingHandlerMapping : Mapped "{[/error]}" onto public org.springframework.http.ResponseEntity<java.util.Map<java.lang.String, java.lang.Object>> org.springframework.boot.autoconfigure.web.servlet.error.BasicErrorController.error(javax.servlet.http.HttpServletRequest)
2018-06-22 01:15:32.082  INFO 2444 --- [restartedMain] s.w.s.m.m.a.RequestMappingHandlerMapping : Mapped "{[/error],produces=[text/html]}" onto public org.springframework.web.servlet.ModelAndView org.springframework.boot.autoconfigure.web.servlet.error.BasicErrorController.errorHtml(javax.servlet.http.HttpServletRequest,javax.servlet.http.HttpServletResponse)
2018-06-22 01:15:32.115  INFO 2444 --- [restartedMain] o.s.w.s.handler.SimpleUrlHandlerMapping  : Mapped URL path [/webjars/**] onto handler of type [class org.springframework.web.servlet.resource.ResourceHttpRequestHandler]
2018-06-22 01:15:32.115  INFO 2444 --- [restartedMain] o.s.w.s.handler.SimpleUrlHandlerMapping  : Mapped URL path [/**] onto handler of type [class org.springframework.web.servlet.resource.ResourceHttpRequestHandler]
2018-06-22 01:15:32.118  INFO 2444 --- [restartedMain] o.s.b.a.w.s.WelcomePageHandlerMapping    : Adding welcome page: class path resource [static/index.html]
2018-06-22 01:15:32.132  INFO 2444 --- [restartedMain] o.s.s.web.DefaultSecurityFilterChain     : Creating filter chain: org.springframework.security.web.util.matcher.AnyRequestMatcher@1, [org.springframework.security.web.context.request.async.WebAsyncManagerIntegrationFilter@1a2d317f, org.springframework.security.web.context.SecurityContextPersistenceFilter@35a07d2, org.springframework.security.web.header.HeaderWriterFilter@79833213, org.springframework.web.filter.CorsFilter@55d382e0, org.springframework.security.web.authentication.logout.LogoutFilter@28aa47c6, rs.ftn.xws.booking.security.JwtAuthenticationFilter@2fca2ec6, org.springframework.security.web.savedrequest.RequestCacheAwareFilter@372d7a07, org.springframework.security.web.servletapi.SecurityContextHolderAwareRequestFilter@575ec55b, org.springframework.security.web.authentication.AnonymousAuthenticationFilter@7a9852f5, org.springframework.security.web.session.SessionManagementFilter@7ad0ab75, org.springframework.security.web.access.ExceptionTranslationFilter@269b49a3, org.springframework.security.web.access.intercept.FilterSecurityInterceptor@5e39ebf2]
2018-06-22 01:15:32.209  INFO 2444 --- [restartedMain] s.w.s.m.m.a.RequestMappingHandlerAdapter : Looking for @ControllerAdvice: org.springframework.boot.web.servlet.context.AnnotationConfigServletWebServerApplicationContext@3ed5b691: startup date [Fri Jun 22 01:15:28 CEST 2018]; root of context hierarchy
2018-06-22 01:15:32.356  INFO 2444 --- [restartedMain] o.s.b.d.a.OptionalLiveReloadServer       : LiveReload server is running on port 35729
2018-06-22 01:15:32.383  INFO 2444 --- [restartedMain] o.s.j.e.a.AnnotationMBeanExporter        : Registering beans for JMX exposure on startup
2018-06-22 01:15:32.384  INFO 2444 --- [restartedMain] o.s.j.e.a.AnnotationMBeanExporter        : Bean with name 'dataSource' has been autodetected for JMX exposure
2018-06-22 01:15:32.388  INFO 2444 --- [restartedMain] o.s.j.e.a.AnnotationMBeanExporter        : Located MBean 'dataSource': registering with JMX server as MBean [com.zaxxer.hikari:name=dataSource,type=HikariDataSource]
2018-06-22 01:15:32.491  INFO 2444 --- [restartedMain] o.s.b.w.embedded.tomcat.TomcatWebServer  : Tomcat started on port(s): 8443 (https) 8080 (http) with context path ''
2018-06-22 01:15:32.493  INFO 2444 --- [restartedMain] rs.ftn.xws.booking.BookingApplication    : Started BookingApplication in 3.823 seconds (JVM running for 1635.004)
2018-06-22 01:15:32.497  INFO 2444 --- [restartedMain] .ConditionEvaluationDeltaLoggingListener : Condition evaluation unchanged
2018-06-22 01:15:47.452  INFO 2444 --- [https-jsse-nio-8443-exec-8] o.a.c.c.C.[Tomcat].[localhost].[/]       : Initializing Spring FrameworkServlet 'dispatcherServlet'
2018-06-22 01:15:47.457  INFO 2444 --- [https-jsse-nio-8443-exec-8] o.s.web.servlet.DispatcherServlet        : FrameworkServlet 'dispatcherServlet': initialization started
2018-06-22 01:15:47.463  INFO 2444 --- [https-jsse-nio-8443-exec-8] o.s.web.servlet.DispatcherServlet        : FrameworkServlet 'dispatcherServlet': initialization completed in 6 ms
2018-06-22 01:16:22.880  WARN 2444 --- [https-jsse-nio-8443-exec-4] .w.s.m.a.ResponseStatusExceptionResolver : Resolved exception caused by Handler execution: rs.ftn.xws.booking.exception.ReservationException: Can only cancel three days before start time!
2018-06-22 01:25:01.696  WARN 2444 --- [https-jsse-nio-8443-exec-7] .w.s.m.a.ResponseStatusExceptionResolver : Resolved exception caused by Handler execution: rs.ftn.xws.booking.exception.ReservationException: Can only cancel three days before start time!
2018-06-22 01:27:33.079  WARN 2444 --- [https-jsse-nio-8443-exec-3] .w.s.m.a.ResponseStatusExceptionResolver : Resolved exception caused by Handler execution: rs.ftn.xws.booking.exception.ReservationException: Can only cancel three days before start time!
2018-06-22 01:27:37.187  WARN 2444 --- [https-jsse-nio-8443-exec-4] .w.s.m.a.ResponseStatusExceptionResolver : Resolved exception caused by Handler execution: rs.ftn.xws.booking.exception.ReservationException: Can only cancel three days before start time!
2018-06-22 01:27:52.999  WARN 2444 --- [https-jsse-nio-8443-exec-4] .w.s.m.a.ResponseStatusExceptionResolver : Resolved exception caused by Handler execution: rs.ftn.xws.booking.exception.ReservationException: Can only cancel three days before start time!
2018-06-22 01:32:44.458  INFO 2444 --- [RMI TCP Connection(2)-127.0.0.1] inMXBeanRegistrar$SpringApplicationAdmin : Application shutdown requested.
2018-06-22 01:32:44.469  INFO 2444 --- [RMI TCP Connection(2)-127.0.0.1] ConfigServletWebServerApplicationContext : Closing org.springframework.boot.web.servlet.context.AnnotationConfigServletWebServerApplicationContext@3ed5b691: startup date [Fri Jun 22 01:15:28 CEST 2018]; root of context hierarchy
2018-06-22 01:32:44.494  INFO 2444 --- [RMI TCP Connection(2)-127.0.0.1] o.s.j.e.a.AnnotationMBeanExporter        : Unregistering JMX-exposed beans on shutdown
2018-06-22 01:32:44.501  INFO 2444 --- [RMI TCP Connection(2)-127.0.0.1] o.s.j.e.a.AnnotationMBeanExporter        : Unregistering JMX-exposed beans
2018-06-22 01:32:44.504  INFO 2444 --- [RMI TCP Connection(2)-127.0.0.1] j.LocalContainerEntityManagerFactoryBean : Closing JPA EntityManagerFactory for persistence unit 'default'
2018-06-22 01:32:44.522  INFO 2444 --- [RMI TCP Connection(2)-127.0.0.1] com.zaxxer.hikari.HikariDataSource       : HikariPool-2 - Shutdown initiated...
2018-06-22 01:32:44.531  INFO 2444 --- [RMI TCP Connection(2)-127.0.0.1] com.zaxxer.hikari.HikariDataSource       : HikariPool-2 - Shutdown completed.
