2018-05-23 14:19:32.826  INFO 4224 --- [restartedMain] rs.ftn.xws.booking.BookingApplication    : Starting BookingApplication on Boki-laptop with PID 4224 (started by Boris Hadzic in C:\Users\Boris Hadzic\git\XWS-Project\booking)
2018-05-23 14:19:32.827  INFO 4224 --- [restartedMain] rs.ftn.xws.booking.BookingApplication    : The following profiles are active: dev
2018-05-23 14:19:33.057  INFO 4224 --- [restartedMain] ConfigServletWebServerApplicationContext : Refreshing org.springframework.boot.web.servlet.context.AnnotationConfigServletWebServerApplicationContext@7c9c4763: startup date [Wed May 23 14:19:33 CEST 2018]; root of context hierarchy
2018-05-23 14:19:36.992  INFO 4224 --- [restartedMain] trationDelegate$BeanPostProcessorChecker : Bean 'org.springframework.transaction.annotation.ProxyTransactionManagementConfiguration' of type [org.springframework.transaction.annotation.ProxyTransactionManagementConfiguration$$EnhancerBySpringCGLIB$$d47b2fc2] is not eligible for getting processed by all BeanPostProcessors (for example: not eligible for auto-proxying)
2018-05-23 14:19:37.149  INFO 4224 --- [restartedMain] trationDelegate$BeanPostProcessorChecker : Bean 'org.springframework.security.config.annotation.method.configuration.Jsr250MetadataSourceConfiguration' of type [org.springframework.security.config.annotation.method.configuration.Jsr250MetadataSourceConfiguration$$EnhancerBySpringCGLIB$$b752b2c4] is not eligible for getting processed by all BeanPostProcessors (for example: not eligible for auto-proxying)
2018-05-23 14:19:37.164  INFO 4224 --- [restartedMain] trationDelegate$BeanPostProcessorChecker : Bean 'jsr250MethodSecurityMetadataSource' of type [org.springframework.security.access.annotation.Jsr250MethodSecurityMetadataSource] is not eligible for getting processed by all BeanPostProcessors (for example: not eligible for auto-proxying)
2018-05-23 14:19:37.180  INFO 4224 --- [restartedMain] trationDelegate$BeanPostProcessorChecker : Bean 'org.springframework.security.config.annotation.configuration.ObjectPostProcessorConfiguration' of type [org.springframework.security.config.annotation.configuration.ObjectPostProcessorConfiguration$$EnhancerBySpringCGLIB$$6d28f7fc] is not eligible for getting processed by all BeanPostProcessors (for example: not eligible for auto-proxying)
2018-05-23 14:19:37.195  INFO 4224 --- [restartedMain] trationDelegate$BeanPostProcessorChecker : Bean 'objectPostProcessor' of type [org.springframework.security.config.annotation.configuration.AutowireBeanFactoryObjectPostProcessor] is not eligible for getting processed by all BeanPostProcessors (for example: not eligible for auto-proxying)
2018-05-23 14:19:37.224  INFO 4224 --- [restartedMain] trationDelegate$BeanPostProcessorChecker : Bean 'org.springframework.security.access.expression.method.DefaultMethodSecurityExpressionHandler@38634dcd' of type [org.springframework.security.access.expression.method.DefaultMethodSecurityExpressionHandler] is not eligible for getting processed by all BeanPostProcessors (for example: not eligible for auto-proxying)
2018-05-23 14:19:37.237  INFO 4224 --- [restartedMain] trationDelegate$BeanPostProcessorChecker : Bean 'org.springframework.security.config.annotation.method.configuration.GlobalMethodSecurityConfiguration' of type [org.springframework.security.config.annotation.method.configuration.GlobalMethodSecurityConfiguration$$EnhancerBySpringCGLIB$$91fd9aae] is not eligible for getting processed by all BeanPostProcessors (for example: not eligible for auto-proxying)
2018-05-23 14:19:37.270  INFO 4224 --- [restartedMain] trationDelegate$BeanPostProcessorChecker : Bean 'methodSecurityMetadataSource' of type [org.springframework.security.access.method.DelegatingMethodSecurityMetadataSource] is not eligible for getting processed by all BeanPostProcessors (for example: not eligible for auto-proxying)
2018-05-23 14:19:38.679  INFO 4224 --- [restartedMain] o.s.b.w.embedded.tomcat.TomcatWebServer  : Tomcat initialized with port(s): 8080 (http)
2018-05-23 14:19:38.919  INFO 4224 --- [restartedMain] o.apache.catalina.core.StandardService   : Starting service [Tomcat]
2018-05-23 14:19:38.920  INFO 4224 --- [restartedMain] org.apache.catalina.core.StandardEngine  : Starting Servlet Engine: Apache Tomcat/8.5.31
2018-05-23 14:19:38.959  INFO 4224 --- [localhost-startStop-1] o.a.catalina.core.AprLifecycleListener   : The APR based Apache Tomcat Native library which allows optimal performance in production environments was not found on the java.library.path: [C:\Program Files\Java\jdk1.8.0_172\bin;C:\WINDOWS\Sun\Java\bin;C:\WINDOWS\system32;C:\WINDOWS;C:/Program Files/Java/jre1.8.0_172/bin/server;C:/Program Files/Java/jre1.8.0_172/bin;C:/Program Files/Java/jre1.8.0_172/lib/amd64;C:\Program Files (x86)\Common Files\Oracle\Java\javapath;C:\Program Files (x86)\Intel\iCLS Client\;C:\Program Files\Intel\iCLS Client\;C:\ProgramData\Oracle\Java\javapath;C:\Windows\system32;C:\Windows;C:\Windows\System32\Wbem;C:\Windows\System32\WindowsPowerShell\v1.0\;C:\Program Files (x86)\Intel\Intel(R) Management Engine Components\DAL;C:\Program Files\Intel\Intel(R) Management Engine Components\DAL;C:\Program Files (x86)\Intel\Intel(R) Management Engine Components\IPT;C:\Program Files\Intel\Intel(R) Management Engine Components\IPT;C:\Program Files\Microsoft SQL Server\130\Tools\Binn\;C:\Program Files (x86)\Skype\Phone\;C:\WINDOWS\system32;C:\WINDOWS;C:\WINDOWS\System32\Wbem;C:\WINDOWS\System32\WindowsPowerShell\v1.0\;C:\Program Files\dotnet\;C:\Program Files (x86)\GtkSharp\2.12\bin;C:\Program Files (x86)\NVIDIA Corporation\PhysX\Common;C:\Program Files (x86)\Microsoft SQL Server\Client SDK\ODBC\130\Tools\Binn\;C:\Program Files (x86)\Microsoft SQL Server\140\Tools\Binn\;C:\Program Files (x86)\Microsoft SQL Server\140\DTS\Binn\;C:\Program Files (x86)\Microsoft SQL Server\140\Tools\Binn\ManagementStudio\;C:\Program Files\apache-maven-3.5.2\bin;C:\Users\Boris Hadzic\adb-fastboot\platform-tools;C:\Program Files\MySQL\MySQL Utilities 1.6\;C:\WINDOWS\system32;C:\WINDOWS;C:\WINDOWS\System32\Wbem;C:\WINDOWS\System32\WindowsPowerShell\v1.0\;C:\WINDOWS\System32\OpenSSH\;C:\Program Files\nodejs\;C:\Program Files\Git\cmd;C:\Anaconda3;C:\Anaconda3\Library\mingw-w64\bin;C:\Anaconda3\Library\usr\bin;C:\Anaconda3\Library\bin;C:\Anaconda3\Scripts;C:\Users\Boris Hadzic\AppData\Local\Microsoft\WindowsApps;C:\Users\Boris Hadzic\AppData\Local\atom\bin;C:\Users\Boris Hadzic\AppData\Local\Microsoft\WindowsApps;C:\Program Files\Microsoft VS Code\bin;C:\Program Files\MongoDB\Server\3.6\bin;C:\Users\Boris Hadzic\AppData\Roaming\npm;C:\Program Files\Java\jdk1.8.0_172\bin;;C:\Program Files\Spring Tool Suite\sts-3.9.3.RELEASE;;.]
2018-05-23 14:19:39.289  INFO 4224 --- [localhost-startStop-1] o.a.c.c.C.[Tomcat].[localhost].[/]       : Initializing Spring embedded WebApplicationContext
2018-05-23 14:19:39.297  INFO 4224 --- [localhost-startStop-1] o.s.web.context.ContextLoader            : Root WebApplicationContext: initialization completed in 6240 ms
2018-05-23 14:19:40.597  INFO 4224 --- [localhost-startStop-1] com.zaxxer.hikari.HikariDataSource       : HikariPool-1 - Starting...
2018-05-23 14:19:41.178  INFO 4224 --- [localhost-startStop-1] com.zaxxer.hikari.HikariDataSource       : HikariPool-1 - Start completed.
2018-05-23 14:19:41.333  INFO 4224 --- [localhost-startStop-1] j.LocalContainerEntityManagerFactoryBean : Building JPA container EntityManagerFactory for persistence unit 'default'
2018-05-23 14:19:50.104  INFO 4224 --- [localhost-startStop-1] j.LocalContainerEntityManagerFactoryBean : Initialized JPA EntityManagerFactory for persistence unit 'default'
2018-05-23 14:19:51.923  INFO 4224 --- [localhost-startStop-1] o.s.b.w.servlet.FilterRegistrationBean   : Mapping filter: 'characterEncodingFilter' to: [/*]
2018-05-23 14:19:51.938  INFO 4224 --- [localhost-startStop-1] o.s.b.w.servlet.FilterRegistrationBean   : Mapping filter: 'hiddenHttpMethodFilter' to: [/*]
2018-05-23 14:19:51.956  INFO 4224 --- [localhost-startStop-1] o.s.b.w.servlet.FilterRegistrationBean   : Mapping filter: 'httpPutFormContentFilter' to: [/*]
2018-05-23 14:19:51.970  INFO 4224 --- [localhost-startStop-1] o.s.b.w.servlet.FilterRegistrationBean   : Mapping filter: 'requestContextFilter' to: [/*]
2018-05-23 14:19:51.971  INFO 4224 --- [localhost-startStop-1] .s.DelegatingFilterProxyRegistrationBean : Mapping filter: 'springSecurityFilterChain' to: [/*]
2018-05-23 14:19:51.972  INFO 4224 --- [localhost-startStop-1] o.s.b.w.servlet.FilterRegistrationBean   : Mapping filter: 'jwtAuthenticationFilter' to: [/*]
2018-05-23 14:19:51.972  INFO 4224 --- [localhost-startStop-1] o.s.b.w.servlet.ServletRegistrationBean  : Servlet dispatcherServlet mapped to [/]
2018-05-23 14:19:52.295  INFO 4224 --- [restartedMain] o.s.jdbc.datasource.init.ScriptUtils     : Executing SQL script from URL [file:/C:/Users/Boris%20Hadzic/git/XWS-Project/booking/target/classes/data.sql]
2018-05-23 14:19:53.010  INFO 4224 --- [restartedMain] o.s.jdbc.datasource.init.ScriptUtils     : Executed SQL script from URL [file:/C:/Users/Boris%20Hadzic/git/XWS-Project/booking/target/classes/data.sql] in 714 ms.
2018-05-23 14:19:53.733  INFO 4224 --- [restartedMain] o.s.w.s.handler.SimpleUrlHandlerMapping  : Mapped URL path [/**/favicon.ico] onto handler of type [class org.springframework.web.servlet.resource.ResourceHttpRequestHandler]
2018-05-23 14:19:53.813  WARN 4224 --- [restartedMain] aWebConfiguration$JpaWebMvcConfiguration : spring.jpa.open-in-view is enabled by default. Therefore, database queries may be performed during view rendering. Explicitly configure spring.jpa.open-in-view to disable this warning
2018-05-23 14:19:54.326  INFO 4224 --- [restartedMain] s.w.s.m.m.a.RequestMappingHandlerMapping : Mapped "{[/error]}" onto public org.springframework.http.ResponseEntity<java.util.Map<java.lang.String, java.lang.Object>> org.springframework.boot.autoconfigure.web.servlet.error.BasicErrorController.error(javax.servlet.http.HttpServletRequest)
2018-05-23 14:19:54.329  INFO 4224 --- [restartedMain] s.w.s.m.m.a.RequestMappingHandlerMapping : Mapped "{[/error],produces=[text/html]}" onto public org.springframework.web.servlet.ModelAndView org.springframework.boot.autoconfigure.web.servlet.error.BasicErrorController.errorHtml(javax.servlet.http.HttpServletRequest,javax.servlet.http.HttpServletResponse)
2018-05-23 14:19:54.511  INFO 4224 --- [restartedMain] o.s.w.s.handler.SimpleUrlHandlerMapping  : Mapped URL path [/webjars/**] onto handler of type [class org.springframework.web.servlet.resource.ResourceHttpRequestHandler]
2018-05-23 14:19:54.511  INFO 4224 --- [restartedMain] o.s.w.s.handler.SimpleUrlHandlerMapping  : Mapped URL path [/**] onto handler of type [class org.springframework.web.servlet.resource.ResourceHttpRequestHandler]
2018-05-23 14:19:54.748  INFO 4224 --- [restartedMain] o.s.s.web.DefaultSecurityFilterChain     : Creating filter chain: org.springframework.security.web.util.matcher.AnyRequestMatcher@1, [org.springframework.security.web.context.request.async.WebAsyncManagerIntegrationFilter@749770d2, org.springframework.security.web.context.SecurityContextPersistenceFilter@a21251f, org.springframework.security.web.header.HeaderWriterFilter@121d6f22, org.springframework.web.filter.CorsFilter@52c9251a, org.springframework.security.web.authentication.logout.LogoutFilter@5f7651e1, rs.ftn.xws.booking.security.JwtAuthenticationFilter@51a9f85e, org.springframework.security.web.savedrequest.RequestCacheAwareFilter@24f6fe37, org.springframework.security.web.servletapi.SecurityContextHolderAwareRequestFilter@3d8f8fb3, org.springframework.security.web.authentication.AnonymousAuthenticationFilter@854bfc2, org.springframework.security.web.session.SessionManagementFilter@30f2ff1f, org.springframework.security.web.access.ExceptionTranslationFilter@18b28673, org.springframework.security.web.access.intercept.FilterSecurityInterceptor@2f7f0b3]
2018-05-23 14:19:56.262  INFO 4224 --- [restartedMain] s.w.s.m.m.a.RequestMappingHandlerAdapter : Looking for @ControllerAdvice: org.springframework.boot.web.servlet.context.AnnotationConfigServletWebServerApplicationContext@7c9c4763: startup date [Wed May 23 14:19:33 CEST 2018]; root of context hierarchy
2018-05-23 14:19:57.637  INFO 4224 --- [restartedMain] o.s.b.d.a.OptionalLiveReloadServer       : LiveReload server is running on port 35729
2018-05-23 14:19:57.786  INFO 4224 --- [restartedMain] o.s.j.e.a.AnnotationMBeanExporter        : Registering beans for JMX exposure on startup
2018-05-23 14:19:57.812  INFO 4224 --- [restartedMain] o.s.j.e.a.AnnotationMBeanExporter        : Bean with name 'dataSource' has been autodetected for JMX exposure
2018-05-23 14:19:57.831  INFO 4224 --- [restartedMain] o.s.j.e.a.AnnotationMBeanExporter        : Located MBean 'dataSource': registering with JMX server as MBean [com.zaxxer.hikari:name=dataSource,type=HikariDataSource]
2018-05-23 14:19:58.031  INFO 4224 --- [restartedMain] o.s.b.w.embedded.tomcat.TomcatWebServer  : Tomcat started on port(s): 8080 (http) with context path ''
2018-05-23 14:19:58.050  INFO 4224 --- [restartedMain] rs.ftn.xws.booking.BookingApplication    : Started BookingApplication in 26.536 seconds (JVM running for 28.156)
2018-05-23 14:23:31.052  INFO 7400 --- [restartedMain] rs.ftn.xws.booking.BookingApplication    : Starting BookingApplication on DESKTOP-SKD9GDH with PID 7400 (C:\Users\Topolic\git\XWS-Project\booking\target\classes started by Topolic in C:\Users\Topolic\git\XWS-Project\booking)
2018-05-23 14:23:31.053  INFO 7400 --- [restartedMain] rs.ftn.xws.booking.BookingApplication    : The following profiles are active: dev
2018-05-23 14:23:31.098  INFO 7400 --- [restartedMain] ConfigServletWebServerApplicationContext : Refreshing org.springframework.boot.web.servlet.context.AnnotationConfigServletWebServerApplicationContext@2dd94044: startup date [Wed May 23 14:23:31 CEST 2018]; root of context hierarchy
2018-05-23 14:23:33.217  INFO 7400 --- [restartedMain] trationDelegate$BeanPostProcessorChecker : Bean 'org.springframework.transaction.annotation.ProxyTransactionManagementConfiguration' of type [org.springframework.transaction.annotation.ProxyTransactionManagementConfiguration$$EnhancerBySpringCGLIB$$9084f9f9] is not eligible for getting processed by all BeanPostProcessors (for example: not eligible for auto-proxying)
2018-05-23 14:23:33.274  INFO 7400 --- [restartedMain] trationDelegate$BeanPostProcessorChecker : Bean 'org.springframework.security.config.annotation.configuration.ObjectPostProcessorConfiguration' of type [org.springframework.security.config.annotation.configuration.ObjectPostProcessorConfiguration$$EnhancerBySpringCGLIB$$2932c233] is not eligible for getting processed by all BeanPostProcessors (for example: not eligible for auto-proxying)
2018-05-23 14:23:33.280  INFO 7400 --- [restartedMain] trationDelegate$BeanPostProcessorChecker : Bean 'objectPostProcessor' of type [org.springframework.security.config.annotation.configuration.AutowireBeanFactoryObjectPostProcessor] is not eligible for getting processed by all BeanPostProcessors (for example: not eligible for auto-proxying)
2018-05-23 14:23:33.282  INFO 7400 --- [restartedMain] trationDelegate$BeanPostProcessorChecker : Bean 'org.springframework.security.access.expression.method.DefaultMethodSecurityExpressionHandler@1d541b91' of type [org.springframework.security.access.expression.method.DefaultMethodSecurityExpressionHandler] is not eligible for getting processed by all BeanPostProcessors (for example: not eligible for auto-proxying)
2018-05-23 14:23:33.290  INFO 7400 --- [restartedMain] trationDelegate$BeanPostProcessorChecker : Bean 'org.springframework.security.config.annotation.method.configuration.Jsr250MetadataSourceConfiguration' of type [org.springframework.security.config.annotation.method.configuration.Jsr250MetadataSourceConfiguration$$EnhancerBySpringCGLIB$$735c7cfb] is not eligible for getting processed by all BeanPostProcessors (for example: not eligible for auto-proxying)
2018-05-23 14:23:33.299  INFO 7400 --- [restartedMain] trationDelegate$BeanPostProcessorChecker : Bean 'jsr250MethodSecurityMetadataSource' of type [org.springframework.security.access.annotation.Jsr250MethodSecurityMetadataSource] is not eligible for getting processed by all BeanPostProcessors (for example: not eligible for auto-proxying)
2018-05-23 14:23:33.299  INFO 7400 --- [restartedMain] trationDelegate$BeanPostProcessorChecker : Bean 'org.springframework.security.config.annotation.method.configuration.GlobalMethodSecurityConfiguration' of type [org.springframework.security.config.annotation.method.configuration.GlobalMethodSecurityConfiguration$$EnhancerBySpringCGLIB$$4e0764e5] is not eligible for getting processed by all BeanPostProcessors (for example: not eligible for auto-proxying)
2018-05-23 14:23:33.327  INFO 7400 --- [restartedMain] trationDelegate$BeanPostProcessorChecker : Bean 'methodSecurityMetadataSource' of type [org.springframework.security.access.method.DelegatingMethodSecurityMetadataSource] is not eligible for getting processed by all BeanPostProcessors (for example: not eligible for auto-proxying)
2018-05-23 14:23:33.672  INFO 7400 --- [restartedMain] o.s.b.w.embedded.tomcat.TomcatWebServer  : Tomcat initialized with port(s): 8080 (http)
2018-05-23 14:23:33.687  INFO 7400 --- [restartedMain] o.apache.catalina.core.StandardService   : Starting service [Tomcat]
2018-05-23 14:23:33.688  INFO 7400 --- [restartedMain] org.apache.catalina.core.StandardEngine  : Starting Servlet Engine: Apache Tomcat/8.5.31
2018-05-23 14:23:33.691  INFO 7400 --- [localhost-startStop-1] o.a.catalina.core.AprLifecycleListener   : The APR based Apache Tomcat Native library which allows optimal performance in production environments was not found on the java.library.path: [C:\Program Files\Java\jre1.8.0_151\bin;C:\WINDOWS\Sun\Java\bin;C:\WINDOWS\system32;C:\WINDOWS;C:/Program Files/Java/jre1.8.0_151/bin/server;C:/Program Files/Java/jre1.8.0_151/bin;C:/Program Files/Java/jre1.8.0_151/lib/amd64;C:\ProgramData\Oracle\Java\javapath;C:\WINDOWS\system32;C:\WINDOWS;C:\WINDOWS\System32\Wbem;C:\WINDOWS\System32\WindowsPowerShell\v1.0\;C:\Program Files (x86)\NVIDIA Corporation\PhysX\Common;C:\Program Files\dotnet\;C:\Program Files (x86)\Microsoft SQL Server\Client SDK\ODBC\130\Tools\Binn\;C:\Program Files (x86)\Microsoft SQL Server\140\Tools\Binn\;C:\Program Files (x86)\Microsoft SQL Server\140\DTS\Binn\;C:\Program Files (x86)\Microsoft SQL Server\140\Tools\Binn\ManagementStudio\;C:\Program Files\MySQL\MySQL Utilities 1.6\;C:\Program Files\Git\cmd;C:\Program Files\nodejs\;C:\Program Files (x86)\Skype\Phone\;%SystemRoot%\system32;%SystemRoot%;%SystemRoot%\System32\Wbem;%SYSTEMROOT%\System32\WindowsPowerShell\v1.0\;%SYSTEMROOT%\System32\OpenSSH\;C:\Users\Topolic\Anaconda3;C:\Users\Topolic\Anaconda3\Library\mingw-w64\bin;C:\Users\Topolic\Anaconda3\Library\usr\bin;C:\Users\Topolic\Anaconda3\Library\bin;C:\Users\Topolic\Anaconda3\Scripts;C:\Users\Topolic\AppData\Local\Microsoft\WindowsApps;C:\Program Files\Microsoft VS Code\bin;C:\Program Files\Heroku\bin;C:\Users\Topolic\AppData\Roaming\npm;;C:\Program Files (x86)\eclipse;;.]
2018-05-23 14:23:33.763  INFO 7400 --- [localhost-startStop-1] o.a.c.c.C.[Tomcat].[localhost].[/]       : Initializing Spring embedded WebApplicationContext
2018-05-23 14:23:33.770  INFO 7400 --- [localhost-startStop-1] o.s.web.context.ContextLoader            : Root WebApplicationContext: initialization completed in 2672 ms
2018-05-23 14:23:34.348  INFO 7400 --- [localhost-startStop-1] com.zaxxer.hikari.HikariDataSource       : HikariPool-1 - Starting...
2018-05-23 14:23:34.642  INFO 7400 --- [localhost-startStop-1] com.zaxxer.hikari.HikariDataSource       : HikariPool-1 - Start completed.
2018-05-23 14:23:34.692  INFO 7400 --- [localhost-startStop-1] j.LocalContainerEntityManagerFactoryBean : Building JPA container EntityManagerFactory for persistence unit 'default'
2018-05-23 14:23:42.709  INFO 7400 --- [localhost-startStop-1] j.LocalContainerEntityManagerFactoryBean : Initialized JPA EntityManagerFactory for persistence unit 'default'
2018-05-23 14:23:43.591  INFO 7400 --- [localhost-startStop-1] o.s.b.w.servlet.FilterRegistrationBean   : Mapping filter: 'characterEncodingFilter' to: [/*]
2018-05-23 14:23:43.602  INFO 7400 --- [localhost-startStop-1] o.s.b.w.servlet.FilterRegistrationBean   : Mapping filter: 'hiddenHttpMethodFilter' to: [/*]
2018-05-23 14:23:43.606  INFO 7400 --- [localhost-startStop-1] o.s.b.w.servlet.FilterRegistrationBean   : Mapping filter: 'httpPutFormContentFilter' to: [/*]
2018-05-23 14:23:43.611  INFO 7400 --- [localhost-startStop-1] o.s.b.w.servlet.FilterRegistrationBean   : Mapping filter: 'requestContextFilter' to: [/*]
2018-05-23 14:23:43.612  INFO 7400 --- [localhost-startStop-1] .s.DelegatingFilterProxyRegistrationBean : Mapping filter: 'springSecurityFilterChain' to: [/*]
2018-05-23 14:23:43.612  INFO 7400 --- [localhost-startStop-1] o.s.b.w.servlet.FilterRegistrationBean   : Mapping filter: 'jwtAuthenticationFilter' to: [/*]
2018-05-23 14:23:43.612  INFO 7400 --- [localhost-startStop-1] o.s.b.w.servlet.ServletRegistrationBean  : Servlet dispatcherServlet mapped to [/]
2018-05-23 14:23:43.636  INFO 7400 --- [restartedMain] o.s.jdbc.datasource.init.ScriptUtils     : Executing SQL script from URL [file:/C:/Users/Topolic/git/XWS-Project/booking/target/classes/data.sql]
2018-05-23 14:23:44.236  INFO 7400 --- [restartedMain] o.s.jdbc.datasource.init.ScriptUtils     : Executed SQL script from URL [file:/C:/Users/Topolic/git/XWS-Project/booking/target/classes/data.sql] in 600 ms.
2018-05-23 14:23:44.907  INFO 7400 --- [restartedMain] o.s.w.s.handler.SimpleUrlHandlerMapping  : Mapped URL path [/**/favicon.ico] onto handler of type [class org.springframework.web.servlet.resource.ResourceHttpRequestHandler]
2018-05-23 14:23:44.964  WARN 7400 --- [restartedMain] aWebConfiguration$JpaWebMvcConfiguration : spring.jpa.open-in-view is enabled by default. Therefore, database queries may be performed during view rendering. Explicitly configure spring.jpa.open-in-view to disable this warning
2018-05-23 14:23:45.127  INFO 7400 --- [restartedMain] s.w.s.m.m.a.RequestMappingHandlerMapping : Mapped "{[/error]}" onto public org.springframework.http.ResponseEntity<java.util.Map<java.lang.String, java.lang.Object>> org.springframework.boot.autoconfigure.web.servlet.error.BasicErrorController.error(javax.servlet.http.HttpServletRequest)
2018-05-23 14:23:45.128  INFO 7400 --- [restartedMain] s.w.s.m.m.a.RequestMappingHandlerMapping : Mapped "{[/error],produces=[text/html]}" onto public org.springframework.web.servlet.ModelAndView org.springframework.boot.autoconfigure.web.servlet.error.BasicErrorController.errorHtml(javax.servlet.http.HttpServletRequest,javax.servlet.http.HttpServletResponse)
2018-05-23 14:23:45.164  INFO 7400 --- [restartedMain] o.s.w.s.handler.SimpleUrlHandlerMapping  : Mapped URL path [/webjars/**] onto handler of type [class org.springframework.web.servlet.resource.ResourceHttpRequestHandler]
2018-05-23 14:23:45.165  INFO 7400 --- [restartedMain] o.s.w.s.handler.SimpleUrlHandlerMapping  : Mapped URL path [/**] onto handler of type [class org.springframework.web.servlet.resource.ResourceHttpRequestHandler]
2018-05-23 14:23:45.250  INFO 7400 --- [restartedMain] o.s.s.web.DefaultSecurityFilterChain     : Creating filter chain: org.springframework.security.web.util.matcher.AnyRequestMatcher@1, [org.springframework.security.web.context.request.async.WebAsyncManagerIntegrationFilter@66de9ea8, org.springframework.security.web.context.SecurityContextPersistenceFilter@7bae970f, org.springframework.security.web.header.HeaderWriterFilter@6e0a9a1a, org.springframework.web.filter.CorsFilter@4aebf39e, org.springframework.security.web.authentication.logout.LogoutFilter@1445f146, rs.ftn.xws.booking.security.JwtAuthenticationFilter@98bf875, org.springframework.security.web.savedrequest.RequestCacheAwareFilter@3cb4e2ce, org.springframework.security.web.servletapi.SecurityContextHolderAwareRequestFilter@43d7fa23, org.springframework.security.web.authentication.AnonymousAuthenticationFilter@42c24ed3, org.springframework.security.web.session.SessionManagementFilter@5f482acf, org.springframework.security.web.access.ExceptionTranslationFilter@40859123, org.springframework.security.web.access.intercept.FilterSecurityInterceptor@5738568]
2018-05-23 14:23:45.548  INFO 7400 --- [restartedMain] s.w.s.m.m.a.RequestMappingHandlerAdapter : Looking for @ControllerAdvice: org.springframework.boot.web.servlet.context.AnnotationConfigServletWebServerApplicationContext@2dd94044: startup date [Wed May 23 14:23:31 CEST 2018]; root of context hierarchy
2018-05-23 14:23:46.658  INFO 7400 --- [restartedMain] o.s.b.d.a.OptionalLiveReloadServer       : LiveReload server is running on port 35729
2018-05-23 14:23:46.757  INFO 7400 --- [restartedMain] o.s.j.e.a.AnnotationMBeanExporter        : Registering beans for JMX exposure on startup
2018-05-23 14:23:46.776  INFO 7400 --- [restartedMain] o.s.j.e.a.AnnotationMBeanExporter        : Bean with name 'dataSource' has been autodetected for JMX exposure
2018-05-23 14:23:46.789  INFO 7400 --- [restartedMain] o.s.j.e.a.AnnotationMBeanExporter        : Located MBean 'dataSource': registering with JMX server as MBean [com.zaxxer.hikari:name=dataSource,type=HikariDataSource]
2018-05-23 14:23:46.900  INFO 7400 --- [restartedMain] o.s.b.w.embedded.tomcat.TomcatWebServer  : Tomcat started on port(s): 8080 (http) with context path ''
2018-05-23 14:23:46.909  INFO 7400 --- [restartedMain] rs.ftn.xws.booking.BookingApplication    : Started BookingApplication in 16.108 seconds (JVM running for 16.728)
2018-05-23 14:27:57.753  INFO 7400 --- [RMI TCP Connection(13)-127.0.0.1] inMXBeanRegistrar$SpringApplicationAdmin : Application shutdown requested.
2018-05-23 14:27:57.788  INFO 7400 --- [RMI TCP Connection(13)-127.0.0.1] ConfigServletWebServerApplicationContext : Closing org.springframework.boot.web.servlet.context.AnnotationConfigServletWebServerApplicationContext@2dd94044: startup date [Wed May 23 14:23:31 CEST 2018]; root of context hierarchy
2018-05-23 14:27:57.795  INFO 7400 --- [RMI TCP Connection(13)-127.0.0.1] o.s.j.e.a.AnnotationMBeanExporter        : Unregistering JMX-exposed beans on shutdown
2018-05-23 14:27:57.796  INFO 7400 --- [RMI TCP Connection(13)-127.0.0.1] o.s.j.e.a.AnnotationMBeanExporter        : Unregistering JMX-exposed beans
2018-05-23 14:27:57.803  INFO 7400 --- [RMI TCP Connection(13)-127.0.0.1] j.LocalContainerEntityManagerFactoryBean : Closing JPA EntityManagerFactory for persistence unit 'default'
2018-05-23 14:27:57.805  INFO 7400 --- [RMI TCP Connection(13)-127.0.0.1] com.zaxxer.hikari.HikariDataSource       : HikariPool-1 - Shutdown initiated...
2018-05-23 14:27:57.811  INFO 7400 --- [RMI TCP Connection(13)-127.0.0.1] com.zaxxer.hikari.HikariDataSource       : HikariPool-1 - Shutdown completed.
2018-05-23 14:47:23.393  INFO 4148 --- [restartedMain] rs.ftn.xws.booking.BookingApplication    : Starting BookingApplication on DESKTOP-SKD9GDH with PID 4148 (C:\Users\Topolic\git\XWS-Project\booking\target\classes started by Topolic in C:\Users\Topolic\git\XWS-Project\booking)
2018-05-23 14:47:23.394  INFO 4148 --- [restartedMain] rs.ftn.xws.booking.BookingApplication    : The following profiles are active: dev
2018-05-23 14:47:23.434  INFO 4148 --- [restartedMain] ConfigServletWebServerApplicationContext : Refreshing org.springframework.boot.web.servlet.context.AnnotationConfigServletWebServerApplicationContext@3fe4dde4: startup date [Wed May 23 14:47:23 CEST 2018]; root of context hierarchy
2018-05-23 14:47:24.654  INFO 4148 --- [restartedMain] trationDelegate$BeanPostProcessorChecker : Bean 'org.springframework.transaction.annotation.ProxyTransactionManagementConfiguration' of type [org.springframework.transaction.annotation.ProxyTransactionManagementConfiguration$$EnhancerBySpringCGLIB$$3d938f51] is not eligible for getting processed by all BeanPostProcessors (for example: not eligible for auto-proxying)
2018-05-23 14:47:24.691  INFO 4148 --- [restartedMain] trationDelegate$BeanPostProcessorChecker : Bean 'org.springframework.security.config.annotation.method.configuration.Jsr250MetadataSourceConfiguration' of type [org.springframework.security.config.annotation.method.configuration.Jsr250MetadataSourceConfiguration$$EnhancerBySpringCGLIB$$206b1253] is not eligible for getting processed by all BeanPostProcessors (for example: not eligible for auto-proxying)
2018-05-23 14:47:24.700  INFO 4148 --- [restartedMain] trationDelegate$BeanPostProcessorChecker : Bean 'jsr250MethodSecurityMetadataSource' of type [org.springframework.security.access.annotation.Jsr250MethodSecurityMetadataSource] is not eligible for getting processed by all BeanPostProcessors (for example: not eligible for auto-proxying)
2018-05-23 14:47:24.708  INFO 4148 --- [restartedMain] trationDelegate$BeanPostProcessorChecker : Bean 'org.springframework.security.config.annotation.configuration.ObjectPostProcessorConfiguration' of type [org.springframework.security.config.annotation.configuration.ObjectPostProcessorConfiguration$$EnhancerBySpringCGLIB$$d641578b] is not eligible for getting processed by all BeanPostProcessors (for example: not eligible for auto-proxying)
2018-05-23 14:47:24.714  INFO 4148 --- [restartedMain] trationDelegate$BeanPostProcessorChecker : Bean 'objectPostProcessor' of type [org.springframework.security.config.annotation.configuration.AutowireBeanFactoryObjectPostProcessor] is not eligible for getting processed by all BeanPostProcessors (for example: not eligible for auto-proxying)
2018-05-23 14:47:24.720  INFO 4148 --- [restartedMain] trationDelegate$BeanPostProcessorChecker : Bean 'org.springframework.security.access.expression.method.DefaultMethodSecurityExpressionHandler@3ca275be' of type [org.springframework.security.access.expression.method.DefaultMethodSecurityExpressionHandler] is not eligible for getting processed by all BeanPostProcessors (for example: not eligible for auto-proxying)
2018-05-23 14:47:24.724  INFO 4148 --- [restartedMain] trationDelegate$BeanPostProcessorChecker : Bean 'org.springframework.security.config.annotation.method.configuration.GlobalMethodSecurityConfiguration' of type [org.springframework.security.config.annotation.method.configuration.GlobalMethodSecurityConfiguration$$EnhancerBySpringCGLIB$$fb15fa3d] is not eligible for getting processed by all BeanPostProcessors (for example: not eligible for auto-proxying)
2018-05-23 14:47:24.732  INFO 4148 --- [restartedMain] trationDelegate$BeanPostProcessorChecker : Bean 'methodSecurityMetadataSource' of type [org.springframework.security.access.method.DelegatingMethodSecurityMetadataSource] is not eligible for getting processed by all BeanPostProcessors (for example: not eligible for auto-proxying)
2018-05-23 14:47:25.094  INFO 4148 --- [restartedMain] o.s.b.w.embedded.tomcat.TomcatWebServer  : Tomcat initialized with port(s): 8080 (http)
2018-05-23 14:47:25.127  INFO 4148 --- [restartedMain] o.apache.catalina.core.StandardService   : Starting service [Tomcat]
2018-05-23 14:47:25.127  INFO 4148 --- [restartedMain] org.apache.catalina.core.StandardEngine  : Starting Servlet Engine: Apache Tomcat/8.5.31
2018-05-23 14:47:25.130  INFO 4148 --- [localhost-startStop-1] o.a.catalina.core.AprLifecycleListener   : The APR based Apache Tomcat Native library which allows optimal performance in production environments was not found on the java.library.path: [C:\Program Files\Java\jre1.8.0_151\bin;C:\WINDOWS\Sun\Java\bin;C:\WINDOWS\system32;C:\WINDOWS;C:/Program Files/Java/jre1.8.0_151/bin/server;C:/Program Files/Java/jre1.8.0_151/bin;C:/Program Files/Java/jre1.8.0_151/lib/amd64;C:\ProgramData\Oracle\Java\javapath;C:\WINDOWS\system32;C:\WINDOWS;C:\WINDOWS\System32\Wbem;C:\WINDOWS\System32\WindowsPowerShell\v1.0\;C:\Program Files (x86)\NVIDIA Corporation\PhysX\Common;C:\Program Files\dotnet\;C:\Program Files (x86)\Microsoft SQL Server\Client SDK\ODBC\130\Tools\Binn\;C:\Program Files (x86)\Microsoft SQL Server\140\Tools\Binn\;C:\Program Files (x86)\Microsoft SQL Server\140\DTS\Binn\;C:\Program Files (x86)\Microsoft SQL Server\140\Tools\Binn\ManagementStudio\;C:\Program Files\MySQL\MySQL Utilities 1.6\;C:\Program Files\Git\cmd;C:\Program Files\nodejs\;C:\Program Files (x86)\Skype\Phone\;%SystemRoot%\system32;%SystemRoot%;%SystemRoot%\System32\Wbem;%SYSTEMROOT%\System32\WindowsPowerShell\v1.0\;%SYSTEMROOT%\System32\OpenSSH\;C:\Users\Topolic\Anaconda3;C:\Users\Topolic\Anaconda3\Library\mingw-w64\bin;C:\Users\Topolic\Anaconda3\Library\usr\bin;C:\Users\Topolic\Anaconda3\Library\bin;C:\Users\Topolic\Anaconda3\Scripts;C:\Users\Topolic\AppData\Local\Microsoft\WindowsApps;C:\Program Files\Microsoft VS Code\bin;C:\Program Files\Heroku\bin;C:\Users\Topolic\AppData\Roaming\npm;;C:\Program Files (x86)\eclipse;;.]
2018-05-23 14:47:25.217  INFO 4148 --- [localhost-startStop-1] o.a.c.c.C.[Tomcat].[localhost].[/]       : Initializing Spring embedded WebApplicationContext
2018-05-23 14:47:25.225  INFO 4148 --- [localhost-startStop-1] o.s.web.context.ContextLoader            : Root WebApplicationContext: initialization completed in 1791 ms
2018-05-23 14:47:25.646  INFO 4148 --- [localhost-startStop-1] com.zaxxer.hikari.HikariDataSource       : HikariPool-1 - Starting...
2018-05-23 14:47:25.882  INFO 4148 --- [localhost-startStop-1] com.zaxxer.hikari.HikariDataSource       : HikariPool-1 - Start completed.
2018-05-23 14:47:25.930  INFO 4148 --- [localhost-startStop-1] j.LocalContainerEntityManagerFactoryBean : Building JPA container EntityManagerFactory for persistence unit 'default'
2018-05-23 14:47:30.733  INFO 4148 --- [localhost-startStop-1] j.LocalContainerEntityManagerFactoryBean : Initialized JPA EntityManagerFactory for persistence unit 'default'
2018-05-23 14:47:31.203  INFO 4148 --- [localhost-startStop-1] o.s.b.w.servlet.FilterRegistrationBean   : Mapping filter: 'characterEncodingFilter' to: [/*]
2018-05-23 14:47:31.208  INFO 4148 --- [localhost-startStop-1] o.s.b.w.servlet.FilterRegistrationBean   : Mapping filter: 'hiddenHttpMethodFilter' to: [/*]
2018-05-23 14:47:31.208  INFO 4148 --- [localhost-startStop-1] o.s.b.w.servlet.FilterRegistrationBean   : Mapping filter: 'httpPutFormContentFilter' to: [/*]
2018-05-23 14:47:31.212  INFO 4148 --- [localhost-startStop-1] o.s.b.w.servlet.FilterRegistrationBean   : Mapping filter: 'requestContextFilter' to: [/*]
2018-05-23 14:47:31.213  INFO 4148 --- [localhost-startStop-1] .s.DelegatingFilterProxyRegistrationBean : Mapping filter: 'springSecurityFilterChain' to: [/*]
2018-05-23 14:47:31.213  INFO 4148 --- [localhost-startStop-1] o.s.b.w.servlet.FilterRegistrationBean   : Mapping filter: 'jwtAuthenticationFilter' to: [/*]
2018-05-23 14:47:31.213  INFO 4148 --- [localhost-startStop-1] o.s.b.w.servlet.ServletRegistrationBean  : Servlet dispatcherServlet mapped to [/]
2018-05-23 14:47:31.243  INFO 4148 --- [restartedMain] o.s.jdbc.datasource.init.ScriptUtils     : Executing SQL script from URL [file:/C:/Users/Topolic/git/XWS-Project/booking/target/classes/data.sql]
2018-05-23 14:47:31.331  INFO 4148 --- [restartedMain] o.s.jdbc.datasource.init.ScriptUtils     : Executed SQL script from URL [file:/C:/Users/Topolic/git/XWS-Project/booking/target/classes/data.sql] in 87 ms.
2018-05-23 14:47:31.701  INFO 4148 --- [restartedMain] o.s.w.s.handler.SimpleUrlHandlerMapping  : Mapped URL path [/**/favicon.ico] onto handler of type [class org.springframework.web.servlet.resource.ResourceHttpRequestHandler]
2018-05-23 14:47:31.714  WARN 4148 --- [restartedMain] aWebConfiguration$JpaWebMvcConfiguration : spring.jpa.open-in-view is enabled by default. Therefore, database queries may be performed during view rendering. Explicitly configure spring.jpa.open-in-view to disable this warning
2018-05-23 14:47:31.807  INFO 4148 --- [restartedMain] s.w.s.m.m.a.RequestMappingHandlerMapping : Mapped "{[/api/account/signin],methods=[POST]}" onto public org.springframework.http.ResponseEntity<?> rs.ftn.xws.booking.controller.AccountController.authenticateUser(rs.ftn.xws.booking.dto.LoginRequest)
2018-05-23 14:47:31.808  INFO 4148 --- [restartedMain] s.w.s.m.m.a.RequestMappingHandlerMapping : Mapped "{[/api/account/confirm-email],methods=[GET]}" onto public void rs.ftn.xws.booking.controller.AccountController.confirmEmail(java.lang.String,javax.servlet.http.HttpServletResponse) throws java.io.IOException
2018-05-23 14:47:31.808  INFO 4148 --- [restartedMain] s.w.s.m.m.a.RequestMappingHandlerMapping : Mapped "{[/api/account/forgot-password],methods=[POST]}" onto public org.springframework.http.ResponseEntity<rs.ftn.xws.booking.dto.ApiResponse> rs.ftn.xws.booking.controller.AccountController.forgotPassword(java.lang.String)
2018-05-23 14:47:31.809  INFO 4148 --- [restartedMain] s.w.s.m.m.a.RequestMappingHandlerMapping : Mapped "{[/api/account/register],methods=[POST]}" onto public org.springframework.http.ResponseEntity<rs.ftn.xws.booking.dto.ApiResponse> rs.ftn.xws.booking.controller.AccountController.registerUser(rs.ftn.xws.booking.dto.SignUpRequest)
2018-05-23 14:47:31.809  INFO 4148 --- [restartedMain] s.w.s.m.m.a.RequestMappingHandlerMapping : Mapped "{[/api/account/password-reset],methods=[POST]}" onto public org.springframework.http.ResponseEntity<rs.ftn.xws.booking.dto.ApiResponse> rs.ftn.xws.booking.controller.AccountController.resetPassword(rs.ftn.xws.booking.dto.PasswordResetRequest)
2018-05-23 14:47:31.810  INFO 4148 --- [restartedMain] s.w.s.m.m.a.RequestMappingHandlerMapping : Mapped "{[/api/test/4/{test}],methods=[GET]}" onto public java.lang.String rs.ftn.xws.booking.controller.TestController.getTest4(int)
2018-05-23 14:47:31.811  INFO 4148 --- [restartedMain] s.w.s.m.m.a.RequestMappingHandlerMapping : Mapped "{[/api/test/1],methods=[GET]}" onto public java.lang.String rs.ftn.xws.booking.controller.TestController.getHello()
2018-05-23 14:47:31.811  INFO 4148 --- [restartedMain] s.w.s.m.m.a.RequestMappingHandlerMapping : Mapped "{[/api/test/2],methods=[GET]}" onto public java.lang.String rs.ftn.xws.booking.controller.TestController.getHasAuthority(org.springframework.security.core.Authentication)
2018-05-23 14:47:31.816  INFO 4148 --- [restartedMain] s.w.s.m.m.a.RequestMappingHandlerMapping : Mapped "{[/api/test/3],methods=[GET]}" onto public java.lang.String rs.ftn.xws.booking.controller.TestController.getTest3()
2018-05-23 14:47:31.818  INFO 4148 --- [restartedMain] s.w.s.m.m.a.RequestMappingHandlerMapping : Mapped "{[/error]}" onto public org.springframework.http.ResponseEntity<java.util.Map<java.lang.String, java.lang.Object>> org.springframework.boot.autoconfigure.web.servlet.error.BasicErrorController.error(javax.servlet.http.HttpServletRequest)
2018-05-23 14:47:31.818  INFO 4148 --- [restartedMain] s.w.s.m.m.a.RequestMappingHandlerMapping : Mapped "{[/error],produces=[text/html]}" onto public org.springframework.web.servlet.ModelAndView org.springframework.boot.autoconfigure.web.servlet.error.BasicErrorController.errorHtml(javax.servlet.http.HttpServletRequest,javax.servlet.http.HttpServletResponse)
2018-05-23 14:47:31.863  INFO 4148 --- [restartedMain] o.s.w.s.handler.SimpleUrlHandlerMapping  : Mapped URL path [/webjars/**] onto handler of type [class org.springframework.web.servlet.resource.ResourceHttpRequestHandler]
2018-05-23 14:47:31.863  INFO 4148 --- [restartedMain] o.s.w.s.handler.SimpleUrlHandlerMapping  : Mapped URL path [/**] onto handler of type [class org.springframework.web.servlet.resource.ResourceHttpRequestHandler]
2018-05-23 14:47:31.867  INFO 4148 --- [restartedMain] o.s.b.a.w.s.WelcomePageHandlerMapping    : Adding welcome page: class path resource [static/index.html]
2018-05-23 14:47:31.890  INFO 4148 --- [restartedMain] o.s.s.web.DefaultSecurityFilterChain     : Creating filter chain: org.springframework.security.web.util.matcher.AnyRequestMatcher@1, [org.springframework.security.web.context.request.async.WebAsyncManagerIntegrationFilter@205ef256, org.springframework.security.web.context.SecurityContextPersistenceFilter@38300657, org.springframework.security.web.header.HeaderWriterFilter@3804a92b, org.springframework.web.filter.CorsFilter@1a4cf6ae, org.springframework.security.web.authentication.logout.LogoutFilter@1cc3a982, rs.ftn.xws.booking.security.JwtAuthenticationFilter@4612de0f, org.springframework.security.web.savedrequest.RequestCacheAwareFilter@55304fa3, org.springframework.security.web.servletapi.SecurityContextHolderAwareRequestFilter@30afa0e3, org.springframework.security.web.authentication.AnonymousAuthenticationFilter@122e80b4, org.springframework.security.web.session.SessionManagementFilter@7ead2637, org.springframework.security.web.access.ExceptionTranslationFilter@30b7ec8f, org.springframework.security.web.access.intercept.FilterSecurityInterceptor@7a121a1c]
2018-05-23 14:47:32.123  INFO 4148 --- [restartedMain] s.w.s.m.m.a.RequestMappingHandlerAdapter : Looking for @ControllerAdvice: org.springframework.boot.web.servlet.context.AnnotationConfigServletWebServerApplicationContext@3fe4dde4: startup date [Wed May 23 14:47:23 CEST 2018]; root of context hierarchy
2018-05-23 14:47:32.415  INFO 4148 --- [restartedMain] o.s.b.d.a.OptionalLiveReloadServer       : LiveReload server is running on port 35729
2018-05-23 14:47:32.455  INFO 4148 --- [restartedMain] o.s.j.e.a.AnnotationMBeanExporter        : Registering beans for JMX exposure on startup
2018-05-23 14:47:32.456  INFO 4148 --- [restartedMain] o.s.j.e.a.AnnotationMBeanExporter        : Bean with name 'dataSource' has been autodetected for JMX exposure
2018-05-23 14:47:32.461  INFO 4148 --- [restartedMain] o.s.j.e.a.AnnotationMBeanExporter        : Located MBean 'dataSource': registering with JMX server as MBean [com.zaxxer.hikari:name=dataSource,type=HikariDataSource]
2018-05-23 14:47:32.492  INFO 4148 --- [restartedMain] o.s.b.w.embedded.tomcat.TomcatWebServer  : Tomcat started on port(s): 8080 (http) with context path ''
2018-05-23 14:47:32.497  INFO 4148 --- [restartedMain] rs.ftn.xws.booking.BookingApplication    : Started BookingApplication in 9.358 seconds (JVM running for 9.996)
2018-05-23 14:47:40.676  INFO 4148 --- [http-nio-8080-exec-2] o.a.c.c.C.[Tomcat].[localhost].[/]       : Initializing Spring FrameworkServlet 'dispatcherServlet'
2018-05-23 14:47:40.738  INFO 4148 --- [http-nio-8080-exec-2] o.s.web.servlet.DispatcherServlet        : FrameworkServlet 'dispatcherServlet': initialization started
2018-05-23 14:47:40.776  INFO 4148 --- [http-nio-8080-exec-2] o.s.web.servlet.DispatcherServlet        : FrameworkServlet 'dispatcherServlet': initialization completed in 29 ms
2018-05-23 14:48:02.227 ERROR 4148 --- [http-nio-8080-exec-6] r.f.x.b.v.PasswordConstraintValidator    : Couldn't load forbidden password list class path resource [forbidden-password-list.txt] cannot be resolved to URL because it does not exist
2018-05-23 14:48:02.639  INFO 4148 --- [http-nio-8080-exec-6] .s.a.AnnotationAsyncExecutionInterceptor : No task executor bean found for async processing: no bean of type TaskExecutor and no bean named 'taskExecutor' either
2018-05-23 14:48:02.640  INFO 4148 --- [SimpleAsyncTaskExecutor-1] r.f.x.b.listener.AccountCreatedListener  : Sending activation email to jovantopolic@gmail.com.
2018-05-23 14:48:11.361  INFO 4148 --- [http-nio-8080-exec-7] r.f.x.b.controller.AccountController     : Activation user account: jovantopolic@gmail.com
2018-05-23 14:48:35.669  INFO 4148 --- [Thread-7] ConfigServletWebServerApplicationContext : Closing org.springframework.boot.web.servlet.context.AnnotationConfigServletWebServerApplicationContext@3fe4dde4: startup date [Wed May 23 14:47:23 CEST 2018]; root of context hierarchy
2018-05-23 14:48:35.702  INFO 4148 --- [Thread-7] o.s.j.e.a.AnnotationMBeanExporter        : Unregistering JMX-exposed beans on shutdown
2018-05-23 14:48:35.708  INFO 4148 --- [Thread-7] o.s.j.e.a.AnnotationMBeanExporter        : Unregistering JMX-exposed beans
2018-05-23 14:48:35.714  INFO 4148 --- [Thread-7] j.LocalContainerEntityManagerFactoryBean : Closing JPA EntityManagerFactory for persistence unit 'default'
2018-05-23 14:48:35.715  INFO 4148 --- [Thread-7] com.zaxxer.hikari.HikariDataSource       : HikariPool-1 - Shutdown initiated...
2018-05-23 14:48:35.718  INFO 4148 --- [Thread-7] com.zaxxer.hikari.HikariDataSource       : HikariPool-1 - Shutdown completed.
2018-05-23 14:48:36.111  INFO 4148 --- [restartedMain] rs.ftn.xws.booking.BookingApplication    : Starting BookingApplication on DESKTOP-SKD9GDH with PID 4148 (C:\Users\Topolic\git\XWS-Project\booking\target\classes started by Topolic in C:\Users\Topolic\git\XWS-Project\booking)
2018-05-23 14:48:36.112  INFO 4148 --- [restartedMain] rs.ftn.xws.booking.BookingApplication    : The following profiles are active: prod
2018-05-23 14:48:36.114  INFO 4148 --- [restartedMain] ConfigServletWebServerApplicationContext : Refreshing org.springframework.boot.web.servlet.context.AnnotationConfigServletWebServerApplicationContext@5c55a8cb: startup date [Wed May 23 14:48:36 CEST 2018]; root of context hierarchy
2018-05-23 14:48:36.857  INFO 4148 --- [restartedMain] trationDelegate$BeanPostProcessorChecker : Bean 'org.springframework.transaction.annotation.ProxyTransactionManagementConfiguration' of type [org.springframework.transaction.annotation.ProxyTransactionManagementConfiguration$$EnhancerBySpringCGLIB$$3d938f51] is not eligible for getting processed by all BeanPostProcessors (for example: not eligible for auto-proxying)
2018-05-23 14:48:36.862  INFO 4148 --- [restartedMain] trationDelegate$BeanPostProcessorChecker : Bean 'org.springframework.security.config.annotation.method.configuration.Jsr250MetadataSourceConfiguration' of type [org.springframework.security.config.annotation.method.configuration.Jsr250MetadataSourceConfiguration$$EnhancerBySpringCGLIB$$206b1253] is not eligible for getting processed by all BeanPostProcessors (for example: not eligible for auto-proxying)
2018-05-23 14:48:36.863  INFO 4148 --- [restartedMain] trationDelegate$BeanPostProcessorChecker : Bean 'jsr250MethodSecurityMetadataSource' of type [org.springframework.security.access.annotation.Jsr250MethodSecurityMetadataSource] is not eligible for getting processed by all BeanPostProcessors (for example: not eligible for auto-proxying)
2018-05-23 14:48:36.867  INFO 4148 --- [restartedMain] trationDelegate$BeanPostProcessorChecker : Bean 'org.springframework.security.config.annotation.configuration.ObjectPostProcessorConfiguration' of type [org.springframework.security.config.annotation.configuration.ObjectPostProcessorConfiguration$$EnhancerBySpringCGLIB$$d641578b] is not eligible for getting processed by all BeanPostProcessors (for example: not eligible for auto-proxying)
2018-05-23 14:48:36.869  INFO 4148 --- [restartedMain] trationDelegate$BeanPostProcessorChecker : Bean 'objectPostProcessor' of type [org.springframework.security.config.annotation.configuration.AutowireBeanFactoryObjectPostProcessor] is not eligible for getting processed by all BeanPostProcessors (for example: not eligible for auto-proxying)
2018-05-23 14:48:36.870  INFO 4148 --- [restartedMain] trationDelegate$BeanPostProcessorChecker : Bean 'org.springframework.security.access.expression.method.DefaultMethodSecurityExpressionHandler@79cd8167' of type [org.springframework.security.access.expression.method.DefaultMethodSecurityExpressionHandler] is not eligible for getting processed by all BeanPostProcessors (for example: not eligible for auto-proxying)
2018-05-23 14:48:36.873  INFO 4148 --- [restartedMain] trationDelegate$BeanPostProcessorChecker : Bean 'org.springframework.security.config.annotation.method.configuration.GlobalMethodSecurityConfiguration' of type [org.springframework.security.config.annotation.method.configuration.GlobalMethodSecurityConfiguration$$EnhancerBySpringCGLIB$$fb15fa3d] is not eligible for getting processed by all BeanPostProcessors (for example: not eligible for auto-proxying)
2018-05-23 14:48:36.875  INFO 4148 --- [restartedMain] trationDelegate$BeanPostProcessorChecker : Bean 'methodSecurityMetadataSource' of type [org.springframework.security.access.method.DelegatingMethodSecurityMetadataSource] is not eligible for getting processed by all BeanPostProcessors (for example: not eligible for auto-proxying)
2018-05-23 14:48:36.978  INFO 4148 --- [restartedMain] o.s.b.w.embedded.tomcat.TomcatWebServer  : Tomcat initialized with port(s): 8080 (http)
2018-05-23 14:48:36.979  INFO 4148 --- [restartedMain] o.apache.catalina.core.StandardService   : Starting service [Tomcat]
2018-05-23 14:48:36.979  INFO 4148 --- [restartedMain] org.apache.catalina.core.StandardEngine  : Starting Servlet Engine: Apache Tomcat/8.5.31
2018-05-23 14:48:36.995  INFO 4148 --- [localhost-startStop-1] o.a.c.c.C.[Tomcat].[localhost].[/]       : Initializing Spring embedded WebApplicationContext
2018-05-23 14:48:36.996  INFO 4148 --- [localhost-startStop-1] o.s.web.context.ContextLoader            : Root WebApplicationContext: initialization completed in 882 ms
2018-05-23 14:48:37.192  INFO 4148 --- [localhost-startStop-1] com.zaxxer.hikari.HikariDataSource       : HikariPool-2 - Starting...
2018-05-23 14:48:37.198  INFO 4148 --- [localhost-startStop-1] com.zaxxer.hikari.HikariDataSource       : HikariPool-2 - Start completed.
2018-05-23 14:48:37.210  INFO 4148 --- [localhost-startStop-1] j.LocalContainerEntityManagerFactoryBean : Building JPA container EntityManagerFactory for persistence unit 'default'
2018-05-23 14:48:37.338  INFO 4148 --- [localhost-startStop-1] j.LocalContainerEntityManagerFactoryBean : Initialized JPA EntityManagerFactory for persistence unit 'default'
2018-05-23 14:48:37.475  INFO 4148 --- [localhost-startStop-1] o.s.b.w.servlet.FilterRegistrationBean   : Mapping filter: 'characterEncodingFilter' to: [/*]
2018-05-23 14:48:37.475  INFO 4148 --- [localhost-startStop-1] o.s.b.w.servlet.FilterRegistrationBean   : Mapping filter: 'hiddenHttpMethodFilter' to: [/*]
2018-05-23 14:48:37.476  INFO 4148 --- [localhost-startStop-1] o.s.b.w.servlet.FilterRegistrationBean   : Mapping filter: 'httpPutFormContentFilter' to: [/*]
2018-05-23 14:48:37.476  INFO 4148 --- [localhost-startStop-1] o.s.b.w.servlet.FilterRegistrationBean   : Mapping filter: 'requestContextFilter' to: [/*]
2018-05-23 14:48:37.480  INFO 4148 --- [localhost-startStop-1] .s.DelegatingFilterProxyRegistrationBean : Mapping filter: 'springSecurityFilterChain' to: [/*]
2018-05-23 14:48:37.480  INFO 4148 --- [localhost-startStop-1] o.s.b.w.servlet.FilterRegistrationBean   : Mapping filter: 'jwtAuthenticationFilter' to: [/*]
2018-05-23 14:48:37.480  INFO 4148 --- [localhost-startStop-1] o.s.b.w.servlet.ServletRegistrationBean  : Servlet dispatcherServlet mapped to [/]
2018-05-23 14:48:37.485  INFO 4148 --- [restartedMain] o.s.jdbc.datasource.init.ScriptUtils     : Executing SQL script from URL [file:/C:/Users/Topolic/git/XWS-Project/booking/target/classes/data.sql]
2018-05-23 14:48:37.545  INFO 4148 --- [restartedMain] o.s.jdbc.datasource.init.ScriptUtils     : Executed SQL script from URL [file:/C:/Users/Topolic/git/XWS-Project/booking/target/classes/data.sql] in 60 ms.
2018-05-23 14:48:37.683  INFO 4148 --- [restartedMain] o.s.w.s.handler.SimpleUrlHandlerMapping  : Mapped URL path [/**/favicon.ico] onto handler of type [class org.springframework.web.servlet.resource.ResourceHttpRequestHandler]
2018-05-23 14:48:37.687  WARN 4148 --- [restartedMain] aWebConfiguration$JpaWebMvcConfiguration : spring.jpa.open-in-view is enabled by default. Therefore, database queries may be performed during view rendering. Explicitly configure spring.jpa.open-in-view to disable this warning
2018-05-23 14:48:37.710  INFO 4148 --- [restartedMain] s.w.s.m.m.a.RequestMappingHandlerMapping : Mapped "{[/api/account/signin],methods=[POST]}" onto public org.springframework.http.ResponseEntity<?> rs.ftn.xws.booking.controller.AccountController.authenticateUser(rs.ftn.xws.booking.dto.LoginRequest)
2018-05-23 14:48:37.717  INFO 4148 --- [restartedMain] s.w.s.m.m.a.RequestMappingHandlerMapping : Mapped "{[/api/account/confirm-email],methods=[GET]}" onto public void rs.ftn.xws.booking.controller.AccountController.confirmEmail(java.lang.String,javax.servlet.http.HttpServletResponse) throws java.io.IOException
2018-05-23 14:48:37.723  INFO 4148 --- [restartedMain] s.w.s.m.m.a.RequestMappingHandlerMapping : Mapped "{[/api/account/forgot-password],methods=[POST]}" onto public org.springframework.http.ResponseEntity<rs.ftn.xws.booking.dto.ApiResponse> rs.ftn.xws.booking.controller.AccountController.forgotPassword(java.lang.String)
2018-05-23 14:48:37.726  INFO 4148 --- [restartedMain] s.w.s.m.m.a.RequestMappingHandlerMapping : Mapped "{[/api/account/register],methods=[POST]}" onto public org.springframework.http.ResponseEntity<rs.ftn.xws.booking.dto.ApiResponse> rs.ftn.xws.booking.controller.AccountController.registerUser(rs.ftn.xws.booking.dto.SignUpRequest)
2018-05-23 14:48:37.727  INFO 4148 --- [restartedMain] s.w.s.m.m.a.RequestMappingHandlerMapping : Mapped "{[/api/account/password-reset],methods=[POST]}" onto public org.springframework.http.ResponseEntity<rs.ftn.xws.booking.dto.ApiResponse> rs.ftn.xws.booking.controller.AccountController.resetPassword(rs.ftn.xws.booking.dto.PasswordResetRequest)
2018-05-23 14:48:37.728  INFO 4148 --- [restartedMain] s.w.s.m.m.a.RequestMappingHandlerMapping : Mapped "{[/api/test/4/{test}],methods=[GET]}" onto public java.lang.String rs.ftn.xws.booking.controller.TestController.getTest4(int)
2018-05-23 14:48:37.729  INFO 4148 --- [restartedMain] s.w.s.m.m.a.RequestMappingHandlerMapping : Mapped "{[/api/test/1],methods=[GET]}" onto public java.lang.String rs.ftn.xws.booking.controller.TestController.getHello()
2018-05-23 14:48:37.729  INFO 4148 --- [restartedMain] s.w.s.m.m.a.RequestMappingHandlerMapping : Mapped "{[/api/test/2],methods=[GET]}" onto public java.lang.String rs.ftn.xws.booking.controller.TestController.getHasAuthority(org.springframework.security.core.Authentication)
2018-05-23 14:48:37.729  INFO 4148 --- [restartedMain] s.w.s.m.m.a.RequestMappingHandlerMapping : Mapped "{[/api/test/3],methods=[GET]}" onto public java.lang.String rs.ftn.xws.booking.controller.TestController.getTest3()
2018-05-23 14:48:37.735  INFO 4148 --- [restartedMain] s.w.s.m.m.a.RequestMappingHandlerMapping : Mapped "{[/error]}" onto public org.springframework.http.ResponseEntity<java.util.Map<java.lang.String, java.lang.Object>> org.springframework.boot.autoconfigure.web.servlet.error.BasicErrorController.error(javax.servlet.http.HttpServletRequest)
2018-05-23 14:48:37.735  INFO 4148 --- [restartedMain] s.w.s.m.m.a.RequestMappingHandlerMapping : Mapped "{[/error],produces=[text/html]}" onto public org.springframework.web.servlet.ModelAndView org.springframework.boot.autoconfigure.web.servlet.error.BasicErrorController.errorHtml(javax.servlet.http.HttpServletRequest,javax.servlet.http.HttpServletResponse)
2018-05-23 14:48:37.757  INFO 4148 --- [restartedMain] o.s.w.s.handler.SimpleUrlHandlerMapping  : Mapped URL path [/webjars/**] onto handler of type [class org.springframework.web.servlet.resource.ResourceHttpRequestHandler]
2018-05-23 14:48:37.757  INFO 4148 --- [restartedMain] o.s.w.s.handler.SimpleUrlHandlerMapping  : Mapped URL path [/**] onto handler of type [class org.springframework.web.servlet.resource.ResourceHttpRequestHandler]
2018-05-23 14:48:37.759  INFO 4148 --- [restartedMain] o.s.b.a.w.s.WelcomePageHandlerMapping    : Adding welcome page: class path resource [static/index.html]
2018-05-23 14:48:37.768  INFO 4148 --- [restartedMain] o.s.s.web.DefaultSecurityFilterChain     : Creating filter chain: org.springframework.security.web.util.matcher.AnyRequestMatcher@1, [org.springframework.security.web.context.request.async.WebAsyncManagerIntegrationFilter@56197f37, org.springframework.security.web.context.SecurityContextPersistenceFilter@35b6bf8, org.springframework.security.web.header.HeaderWriterFilter@35b2980f, org.springframework.web.filter.CorsFilter@25395c5d, org.springframework.security.web.authentication.logout.LogoutFilter@160a70e, rs.ftn.xws.booking.security.JwtAuthenticationFilter@f863f23, org.springframework.security.web.savedrequest.RequestCacheAwareFilter@4e769701, org.springframework.security.web.servletapi.SecurityContextHolderAwareRequestFilter@6fa50c20, org.springframework.security.web.authentication.AnonymousAuthenticationFilter@e29283a, org.springframework.security.web.session.SessionManagementFilter@478525c7, org.springframework.security.web.access.ExceptionTranslationFilter@6a04fc9e, org.springframework.security.web.access.intercept.FilterSecurityInterceptor@1d189d9e]
2018-05-23 14:48:37.849  INFO 4148 --- [restartedMain] s.w.s.m.m.a.RequestMappingHandlerAdapter : Looking for @ControllerAdvice: org.springframework.boot.web.servlet.context.AnnotationConfigServletWebServerApplicationContext@5c55a8cb: startup date [Wed May 23 14:48:36 CEST 2018]; root of context hierarchy
2018-05-23 14:48:37.955  INFO 4148 --- [restartedMain] o.s.b.d.a.OptionalLiveReloadServer       : LiveReload server is running on port 35729
2018-05-23 14:48:37.987  INFO 4148 --- [restartedMain] o.s.j.e.a.AnnotationMBeanExporter        : Registering beans for JMX exposure on startup
2018-05-23 14:48:37.989  INFO 4148 --- [restartedMain] o.s.j.e.a.AnnotationMBeanExporter        : Bean with name 'dataSource' has been autodetected for JMX exposure
2018-05-23 14:48:37.992  INFO 4148 --- [restartedMain] o.s.j.e.a.AnnotationMBeanExporter        : Located MBean 'dataSource': registering with JMX server as MBean [com.zaxxer.hikari:name=dataSource,type=HikariDataSource]
2018-05-23 14:48:37.997  INFO 4148 --- [restartedMain] o.s.b.w.embedded.tomcat.TomcatWebServer  : Tomcat started on port(s): 8080 (http) with context path ''
2018-05-23 14:48:37.998  INFO 4148 --- [restartedMain] rs.ftn.xws.booking.BookingApplication    : Started BookingApplication in 1.915 seconds (JVM running for 75.498)
2018-05-23 14:48:38.005  INFO 4148 --- [restartedMain] .ConditionEvaluationDeltaLoggingListener : Condition evaluation unchanged
2018-05-23 14:49:12.398  INFO 4148 --- [http-nio-8080-exec-1] o.a.c.c.C.[Tomcat].[localhost].[/]       : Initializing Spring FrameworkServlet 'dispatcherServlet'
2018-05-23 14:49:12.406  INFO 4148 --- [http-nio-8080-exec-1] o.s.web.servlet.DispatcherServlet        : FrameworkServlet 'dispatcherServlet': initialization started
2018-05-23 14:49:12.415  INFO 4148 --- [http-nio-8080-exec-1] o.s.web.servlet.DispatcherServlet        : FrameworkServlet 'dispatcherServlet': initialization completed in 3 ms
2018-05-23 14:49:12.472 ERROR 4148 --- [http-nio-8080-exec-1] r.f.x.b.v.PasswordConstraintValidator    : Couldn't load forbidden password list class path resource [forbidden-password-list.txt] cannot be resolved to URL because it does not exist
2018-05-23 14:49:12.825  INFO 4148 --- [http-nio-8080-exec-1] .s.a.AnnotationAsyncExecutionInterceptor : No task executor bean found for async processing: no bean of type TaskExecutor and no bean named 'taskExecutor' either
2018-05-23 14:49:12.827  INFO 4148 --- [SimpleAsyncTaskExecutor-1] r.f.x.b.listener.AccountCreatedListener  : Sending activation email to jovantopolic@gmail.com.
2018-05-23 14:49:29.660 ERROR 4148 --- [http-nio-8080-exec-2] r.f.x.b.controller.AccountController     : Authentication error: User is disabled
2018-05-23 14:49:49.896 ERROR 4148 --- [http-nio-8080-exec-5] r.f.x.b.controller.AccountController     : Authentication error: User is disabled
2018-05-23 14:49:52.124 ERROR 4148 --- [http-nio-8080-exec-7] r.f.x.b.controller.AccountController     : Authentication error: User is disabled
2018-05-23 14:49:58.123 ERROR 4148 --- [http-nio-8080-exec-8] r.f.x.b.controller.AccountController     : Authentication error: User is disabled
2018-05-23 14:50:05.211  INFO 4148 --- [http-nio-8080-exec-6] r.f.x.b.controller.AccountController     : Activation user account: jovantopolic@gmail.com
